SF:lib/app/my_app.dart
DA:26,0
DA:27,0
DA:28,0
DA:30,0
DA:31,0
DA:55,0
DA:57,0
DA:58,0
DA:59,0
DA:63,0
DA:64,0
DA:66,0
DA:67,0
DA:68,0
DA:69,0
DA:71,0
DA:72,0
DA:74,0
DA:75,0
DA:77,0
DA:78,0
DA:79,0
DA:80,0
DA:83,0
DA:84,0
DA:85,0
DA:86,0
DA:87,0
DA:88,0
DA:89,0
DA:90,0
DA:91,0
DA:92,0
DA:93,0
DA:94,0
DA:95,0
DA:96,0
DA:97,0
DA:98,0
DA:100,0
DA:101,0
DA:102,0
DA:103,0
DA:105,0
DA:106,0
DA:108,0
DA:109,0
DA:110,0
DA:113,0
LF:49
LH:0
end_of_record
SF:lib/app/app_prefs.dart
DA:19,0
DA:21,0
DA:22,0
DA:24,0
DA:28,0
DA:31,0
DA:32,0
DA:34,0
DA:35,0
DA:37,0
DA:41,0
DA:45,0
DA:46,0
DA:49,0
DA:50,0
DA:53,0
DA:54,0
DA:57,0
DA:58,0
DA:61,0
DA:62,0
DA:65,0
DA:66,0
DA:69,0
DA:70,0
LF:25
LH:0
end_of_record
SF:lib/core/resources/constants/langouage_manger.dart
DA:22,0
DA:24,0
DA:28,0
DA:37,0
DA:39,0
DA:43,0
LF:6
LH:0
end_of_record
SF:lib/app/constant.dart
DA:48,0
DA:50,0
DA:52,0
LF:3
LH:0
end_of_record
SF:lib/app/di.dart
DA:89,0
DA:91,0
DA:92,0
DA:94,0
DA:95,0
DA:98,0
DA:99,0
DA:101,0
DA:104,0
DA:105,0
DA:106,0
DA:107,0
DA:108,0
DA:109,0
DA:110,0
DA:116,0
DA:117,0
DA:118,0
DA:119,0
DA:120,0
DA:121,0
DA:122,0
DA:123,0
DA:124,0
DA:125,0
DA:126,0
DA:127,0
DA:130,0
DA:131,0
DA:132,0
DA:133,0
DA:134,0
DA:135,0
DA:138,0
DA:139,0
DA:140,0
DA:141,0
DA:143,0
DA:144,0
DA:145,0
DA:146,0
DA:147,0
DA:148,0
DA:149,0
DA:150,0
DA:151,0
DA:152,0
DA:153,0
DA:154,0
DA:157,0
DA:164,0
DA:166,0
DA:167,0
DA:168,0
DA:169,0
DA:170,0
DA:171,0
DA:172,0
DA:173,0
DA:177,0
DA:178,0
DA:179,0
DA:180,0
DA:181,0
DA:182,0
DA:183,0
DA:184,0
DA:185,0
DA:186,0
DA:187,0
DA:189,0
DA:190,0
DA:191,0
DA:192,0
DA:193,0
DA:197,0
DA:198,0
DA:199,0
DA:200,0
DA:201,0
DA:202,0
DA:206,0
DA:207,0
DA:208,0
DA:209,0
DA:210,0
DA:211,0
DA:212,0
DA:213,0
DA:214,0
DA:215,0
DA:216,0
DA:217,0
DA:218,0
DA:219,0
DA:220,0
DA:222,0
DA:223,0
DA:224,0
DA:225,0
DA:227,0
DA:228,0
DA:230,0
DA:231,0
DA:232,0
DA:233,0
DA:237,0
DA:238,0
DA:239,0
DA:240,0
DA:241,0
DA:242,0
DA:243,0
DA:244,0
DA:245,0
DA:246,0
DA:247,0
DA:250,0
DA:251,0
DA:252,0
DA:253,0
DA:254,0
DA:255,0
DA:256,0
DA:260,0
DA:261,0
DA:262,0
DA:263,0
DA:264,0
DA:265,0
DA:267,0
DA:268,0
DA:273,0
DA:274,0
DA:275,0
DA:276,0
DA:277,0
DA:278,0
DA:279,0
DA:283,0
DA:284,0
DA:288,0
DA:289,0
DA:290,0
DA:293,0
DA:294,0
DA:298,0
DA:299,0
DA:300,0
DA:303,0
DA:304,0
DA:305,0
DA:306,0
DA:309,0
DA:310,0
DA:311,0
LF:156
LH:0
end_of_record
SF:lib/core/common/app_settings/app_settings.dart
DA:22,0
DA:34,0
DA:37,0
DA:38,0
DA:39,0
DA:40,0
DA:41,0
DA:42,0
DA:46,0
DA:49,0
DA:52,0
DA:53,0
DA:54,0
DA:55,0
DA:58,0
DA:59,0
DA:61,0
DA:65,0
DA:66,0
DA:67,0
DA:71,0
DA:73,0
DA:74,0
DA:75,0
DA:76,0
DA:77,0
DA:80,0
DA:82,0
DA:83,0
DA:84,0
DA:86,0
DA:87,0
DA:88,0
DA:89,0
DA:92,0
DA:94,0
DA:95,0
DA:96,0
DA:98,0
DA:100,0
DA:101,0
DA:102,0
DA:106,0
DA:107,0
DA:108,0
DA:109,0
DA:110,0
DA:111,0
DA:112,0
DA:114,0
DA:117,0
DA:118,0
DA:119,0
DA:120,0
DA:121,0
DA:122,0
DA:123,0
DA:125,0
LF:58
LH:0
end_of_record
SF:lib/core/common/data/data_source/remote_data_source_googleapis.dart
DA:19,0
DA:20,0
DA:23,0
DA:27,0
DA:30,0
LF:5
LH:0
end_of_record
SF:lib/core/common/data/network/api_place.g.dart
DA:12,0
DA:16,0
DA:23,0
DA:30,0
DA:35,0
DA:36,0
DA:37,0
DA:38,0
DA:43,0
DA:44,0
DA:49,0
DA:50,0
DA:54,0
DA:62,0
DA:68,0
DA:69,0
DA:70,0
DA:71,0
DA:76,0
DA:77,0
DA:82,0
DA:83,0
DA:87,0
DA:88,0
DA:89,0
DA:90,0
DA:91,0
DA:92,0
DA:94,0
LF:29
LH:0
end_of_record
SF:lib/core/common/data/repository/repositorygoogleapis_impl.dart
DA:16,0
DA:20,0
DA:23,0
DA:25,0
DA:26,0
DA:29,0
DA:32,0
DA:36,0
DA:39,0
DA:41,0
DA:42,0
DA:44,0
DA:47,0
LF:13
LH:0
end_of_record
SF:lib/core/common/domain/usecase/autocompleteDetails_usecase.dart
DA:12,0
DA:14,0
DA:16,0
DA:25,0
LF:4
LH:0
end_of_record
SF:lib/core/common/domain/usecase/autocomplete_usecase.dart
DA:11,0
DA:13,0
DA:15,0
DA:24,0
LF:4
LH:0
end_of_record
SF:lib/core/common/network/dio_factory.dart
DA:18,0
DA:20,0
DA:21,0
DA:22,0
DA:23,0
DA:24,0
DA:30,0
DA:39,0
LF:8
LH:0
end_of_record
SF:lib/core/common/network/network_info.dart
DA:9,0
DA:11,0
DA:13,0
LF:3
LH:0
end_of_record
SF:lib/core/common/data/data_source/local_data_source.dart
DA:13,0
DA:16,0
DA:17,0
DA:20,0
DA:23,0
DA:27,0
DA:31,0
DA:32,0
DA:34,0
DA:35,0
DA:36,0
DA:40,0
DA:44,0
DA:47,0
DA:48,0
DA:49,0
LF:16
LH:0
end_of_record
SF:lib/features/feature_auth/data/data_source/remote_data_source_auth.dart
DA:33,0
DA:34,0
DA:36,0
DA:39,0
DA:43,0
DA:46,0
DA:49,0
DA:51,0
DA:53,0
DA:58,0
DA:59,0
DA:61,0
DA:62,0
DA:63,0
DA:66,0
DA:70,0
DA:73,0
DA:76,0
DA:79,0
DA:82,0
DA:85,0
DA:86,0
DA:89,0
DA:90,0
DA:98,0
DA:99,0
DA:105,0
DA:107,0
DA:110,0
DA:111,0
DA:112,0
DA:114,0
DA:115,0
DA:116,0
DA:117,0
DA:120,0
DA:123,0
DA:126,0
DA:129,0
LF:39
LH:0
end_of_record
SF:lib/features/feature_auth/data/network/apiAuth.g.dart
DA:12,0
DA:16,0
DA:23,0
DA:26,0
DA:27,0
DA:28,0
DA:29,0
DA:30,0
DA:31,0
DA:36,0
DA:37,0
DA:42,0
DA:43,0
DA:47,0
DA:50,0
DA:51,0
DA:52,0
DA:53,0
DA:54,0
DA:55,0
DA:60,0
DA:61,0
DA:66,0
DA:67,0
DA:71,0
DA:74,0
DA:75,0
DA:76,0
DA:77,0
DA:78,0
DA:83,0
DA:84,0
DA:89,0
DA:90,0
DA:94,0
DA:97,0
DA:98,0
DA:99,0
DA:100,0
DA:101,0
DA:102,0
DA:107,0
DA:108,0
DA:113,0
DA:114,0
DA:118,0
DA:119,0
DA:120,0
DA:121,0
DA:122,0
DA:123,0
DA:125,0
LF:52
LH:0
end_of_record
SF:lib/features/feature_auth/data/repository/repository_impl.dart
DA:21,0
DA:24,0
DA:26,0
DA:28,0
DA:29,0
DA:31,0
DA:34,0
DA:38,0
DA:41,0
DA:43,0
DA:44,0
DA:46,0
DA:49,0
DA:53,0
DA:56,0
DA:58,0
DA:59,0
DA:60,0
DA:63,0
DA:66,0
DA:69,0
DA:73,0
DA:76,0
DA:78,0
DA:79,0
DA:80,0
DA:83,0
DA:86,0
DA:89,0
DA:93,0
DA:96,0
DA:98,0
DA:99,0
DA:100,0
DA:103,0
DA:106,0
DA:109,0
DA:113,0
DA:116,0
DA:118,0
DA:119,0
DA:121,0
DA:124,0
DA:128,0
DA:131,0
DA:133,0
DA:134,0
DA:136,0
DA:139,0
LF:49
LH:0
end_of_record
SF:lib/features/feature_auth/domain/usecase/loginFB_usecase.dart
DA:12,0
DA:14,0
DA:16,0
LF:3
LH:0
end_of_record
SF:lib/features/feature_auth/domain/usecase/login_usecase.dart
DA:12,0
DA:14,0
DA:16,0
DA:25,0
LF:4
LH:0
end_of_record
SF:lib/features/feature_auth/domain/usecase/register_use_case.dart
DA:11,0
DA:13,0
DA:15,0
DA:16,0
DA:18,0
DA:29,0
LF:6
LH:0
end_of_record
SF:lib/features/feature_auth/domain/usecase/signInApple_usecase.dart
DA:14,0
DA:16,0
DA:18,0
LF:3
LH:0
end_of_record
SF:lib/features/feature_auth/domain/usecase/signInWithGoogle_usecase.dart
DA:12,0
DA:14,0
DA:16,0
LF:3
LH:0
end_of_record
SF:lib/features/feature_auth/domain/usecase/updateUser_usecase.dart
DA:13,0
DA:15,0
DA:17,0
DA:25,0
LF:4
LH:0
end_of_record
SF:lib/features/feature_auth/domain/usecase/userinfo_usecase.dart
DA:13,0
DA:15,0
DA:17,0
DA:25,0
LF:4
LH:0
end_of_record
SF:lib/features/feature_auth/presentation/login/login_viewmodel.dart
DA:34,0
DA:37,0
DA:40,0
DA:42,0
DA:44,0
DA:45,0
DA:46,0
DA:47,0
DA:48,0
DA:49,0
DA:51,0
DA:53,0
DA:54,0
DA:55,0
DA:56,0
DA:57,0
DA:58,0
DA:60,0
DA:61,0
DA:67,0
DA:68,0
DA:69,0
DA:70,0
DA:71,0
DA:72,0
DA:74,0
DA:76,0
DA:77,0
DA:78,0
DA:79,0
DA:80,0
DA:81,0
DA:82,0
DA:83,0
DA:89,0
DA:91,0
DA:92,0
DA:93,0
DA:94,0
DA:95,0
DA:96,0
DA:98,0
DA:100,0
DA:101,0
DA:102,0
DA:103,0
DA:104,0
DA:105,0
DA:106,0
DA:108,0
DA:114,0
DA:115,0
DA:116,0
DA:117,0
DA:118,0
DA:119,0
DA:120,0
DA:122,0
DA:124,0
DA:125,0
DA:126,0
DA:127,0
DA:128,0
DA:129,0
DA:130,0
DA:131,0
LF:66
LH:0
end_of_record
SF:lib/features/feature_auth/presentation/login/userInfo_viewModel.dart
DA:27,0
DA:31,0
DA:48,0
DA:50,0
DA:51,0
DA:52,0
DA:53,0
DA:59,0
DA:60,0
DA:62,0
DA:64,0
DA:65,0
DA:71,0
DA:73,0
DA:74,0
DA:75,0
DA:76,0
DA:79,0
DA:80,0
DA:82,0
DA:84,0
DA:85,0
DA:86,0
DA:87,0
DA:88,0
DA:89,0
DA:90,0
DA:91,0
DA:92,0
DA:93,0
DA:96,0
DA:97,0
DA:102,0
DA:103,0
DA:104,0
DA:106,0
DA:108,0
DA:109,0
DA:111,0
DA:113,0
DA:114,0
DA:115,0
DA:116,0
DA:117,0
DA:118,0
DA:119,0
DA:120,0
DA:121,0
DA:122,0
DA:123,0
DA:124,0
DA:126,0
DA:127,0
DA:128,0
DA:129,0
DA:130,0
DA:131,0
DA:132,0
DA:133,0
DA:134,0
DA:135,0
DA:138,0
DA:139,0
DA:140,0
DA:143,0
DA:144,0
DA:147,0
DA:148,0
DA:150,0
DA:152,0
DA:153,0
DA:154,0
DA:155,0
DA:156,0
LF:74
LH:0
end_of_record
SF:lib/features/feature_auth/presentation/registration/register_viewmodel.dart
DA:24,0
DA:27,0
DA:30,0
DA:32,0
DA:39,0
DA:40,0
DA:41,0
DA:42,0
DA:43,0
DA:44,0
DA:46,0
DA:48,0
DA:49,0
DA:50,0
DA:51,0
DA:52,0
DA:53,0
LF:17
LH:0
end_of_record
SF:lib/features/feature_cart/data/data_source/localDataSource_cart.dart
DA:19,0
DA:22,0
DA:23,0
DA:26,0
DA:29,0
DA:33,0
DA:37,0
DA:39,0
DA:44,0
DA:47,0
DA:48,0
DA:52,0
DA:55,0
DA:57,0
DA:58,0
DA:59,0
DA:60,0
DA:66,0
DA:69,0
DA:71,0
DA:72,0
DA:73,0
DA:74,0
LF:23
LH:0
end_of_record
SF:lib/features/feature_cart/data/repository/repositoryCart_impl.dart
DA:21,0
DA:23,0
DA:27,0
DA:29,0
DA:33,0
DA:36,0
DA:39,0
DA:42,0
DA:46,0
DA:50,0
DA:51,0
DA:53,0
DA:57,0
DA:60,0
LF:14
LH:0
end_of_record
SF:lib/features/feature_cart/domain/usecase/AddCart_usecase.dart
DA:9,0
DA:11,0
DA:14,0
LF:3
LH:0
end_of_record
SF:lib/features/feature_cart/domain/usecase/cartItems_usecase.dart
DA:11,0
DA:13,0
DA:15,0
LF:3
LH:0
end_of_record
SF:lib/features/feature_cart/domain/usecase/deleteAllCart_usecase.dart
DA:7,0
DA:9,0
DA:11,0
LF:3
LH:0
end_of_record
SF:lib/features/feature_cart/domain/usecase/delete_ItemCart_usecase.dart
DA:9,0
DA:11,0
DA:13,0
DA:20,0
LF:4
LH:0
end_of_record
SF:lib/features/feature_cart/domain/usecase/update_ItemCart_usecase.dart
DA:10,0
DA:12,0
DA:14,0
LF:3
LH:0
end_of_record
SF:lib/features/feature_cart/presentation/cartViewModel.dart
DA:25,0
DA:30,0
DA:32,0
DA:35,0
DA:36,0
DA:40,0
DA:41,0
DA:45,0
DA:46,0
DA:49,0
DA:50,0
DA:52,0
DA:53,0
DA:55,0
DA:56,0
DA:57,0
DA:58,0
DA:62,0
DA:63,0
DA:65,0
DA:66,0
DA:69,0
DA:70,0
DA:72,0
DA:73,0
DA:75,0
DA:76,0
DA:77,0
DA:79,0
DA:80,0
DA:81,0
DA:84,0
DA:85,0
DA:86,0
DA:87,0
DA:88,0
LF:36
LH:0
end_of_record
SF:lib/features/feature_order/data/data_source/remote_data_source_Order.dart
DA:22,0
DA:24,0
DA:27,0
LF:3
LH:0
end_of_record
SF:lib/features/feature_order/data/network/apiOrder.g.dart
DA:12,0
DA:16,0
DA:23,0
DA:34,0
DA:43,0
DA:44,0
DA:45,0
DA:46,0
DA:51,0
DA:52,0
DA:57,0
DA:58,0
DA:59,0
DA:60,0
DA:64,0
DA:65,0
DA:66,0
DA:67,0
DA:68,0
DA:69,0
DA:71,0
LF:21
LH:0
end_of_record
SF:lib/features/feature_order/data/repository/repositoryOrder_impl.dart
DA:31,0
DA:33,0
DA:36,0
DA:38,0
DA:44,0
DA:46,0
DA:49,0
DA:51,0
DA:54,0
LF:9
LH:0
end_of_record
SF:lib/features/feature_order/domain/usecase/orders_usecase.dart
DA:14,0
DA:16,0
DA:18,0
DA:31,0
LF:4
LH:0
end_of_record
SF:lib/features/feature_order/presentation/screen/orders/orders_viewModel.dart
DA:16,0
DA:23,0
DA:26,0
DA:28,0
DA:30,0
DA:31,0
DA:32,0
DA:33,0
DA:34,0
DA:36,0
DA:37,0
DA:38,0
DA:40,0
DA:41,0
DA:42,0
DA:43,0
DA:44,0
DA:45,0
DA:46,0
DA:51,0
DA:52,0
DA:55,0
DA:56,0
DA:57,0
DA:58,0
DA:60,0
DA:61,0
DA:62,0
DA:63,0
DA:64,0
DA:65,0
DA:68,0
DA:69,0
DA:70,0
DA:71,0
DA:73,0
DA:74,0
DA:75,0
DA:80,0
DA:81,0
DA:82,0
DA:83,0
DA:84,0
DA:85,0
DA:86,0
LF:45
LH:0
end_of_record
SF:lib/features/feature_payment/data/data_source/remote_data_source_payment.dart
DA:31,0
DA:32,0
DA:36,0
DA:39,0
LF:4
LH:0
end_of_record
SF:lib/features/feature_payment/data/network/apiPayment.g.dart
DA:12,0
DA:16,0
DA:23,0
DA:30,0
DA:31,0
DA:32,0
DA:33,0
DA:37,0
DA:38,0
DA:44,0
DA:45,0
DA:50,0
DA:51,0
DA:55,0
DA:56,0
DA:57,0
DA:58,0
DA:59,0
DA:60,0
DA:62,0
LF:20
LH:0
end_of_record
SF:lib/features/feature_payment/data/repository/repositoryPayment_impl.dart
DA:16,0
DA:19,0
DA:22,0
DA:24,0
DA:25,0
DA:27,0
DA:30,0
LF:7
LH:0
end_of_record
SF:lib/features/feature_payment/domain/usecase/stripeCreatePaymentIntent_usecase.dart
DA:14,0
DA:16,0
DA:18,0
DA:27,0
LF:4
LH:0
end_of_record
SF:lib/features/feature_payment/presentation/payTabs_viewModel.dart
DA:27,0
DA:28,0
DA:30,0
DA:32,0
DA:36,0
DA:54,0
DA:56,0
DA:58,0
DA:59,0
DA:61,0
DA:62,0
DA:66,0
DA:67,0
DA:69,0
DA:71,0
DA:72,0
DA:73,0
DA:74,0
DA:76,0
DA:78,0
DA:79,0
DA:80,0
DA:83,0
DA:87,0
DA:88,0
DA:90,0
DA:91,0
LF:27
LH:0
end_of_record
SF:lib/features/feature_payment/presentation/payment_viewModel.dart
DA:17,0
DA:20,0
DA:22,0
DA:27,0
DA:28,0
DA:32,0
DA:34,0
DA:36,0
DA:37,0
DA:42,0
DA:44,0
DA:47,0
DA:49,0
DA:50,0
DA:51,0
DA:53,0
DA:56,0
DA:57,0
DA:67,0
DA:71,0
DA:73,0
DA:77,0
DA:79,0
DA:80,0
DA:81,0
DA:84,0
LF:26
LH:0
end_of_record
SF:lib/features/feature_search/search_viewmodel.dart
DA:15,0
DA:18,0
DA:20,0
DA:21,0
DA:22,0
DA:23,0
DA:24,0
DA:26,0
DA:27,0
DA:30,0
DA:31,0
DA:33,0
DA:35,0
DA:36,0
DA:37,0
DA:38,0
LF:16
LH:0
end_of_record
SF:lib/features/feature_vendor/data/data_source/remote_data_source_vendor.dart
DA:22,0
DA:24,0
DA:27,0
DA:31,0
DA:34,0
DA:37,0
DA:40,0
DA:43,0
DA:46,0
LF:9
LH:0
end_of_record
SF:lib/features/feature_vendor/data/network/apiVendor.g.dart
DA:12,0
DA:16,0
DA:23,0
DA:30,0
DA:35,0
DA:36,0
DA:37,0
DA:38,0
DA:43,0
DA:44,0
DA:49,0
DA:50,0
DA:51,0
DA:52,0
DA:56,0
DA:65,0
DA:72,0
DA:73,0
DA:74,0
DA:75,0
DA:80,0
DA:81,0
DA:86,0
DA:87,0
DA:88,0
DA:89,0
DA:93,0
DA:100,0
DA:105,0
DA:106,0
DA:107,0
DA:108,0
DA:113,0
DA:114,0
DA:119,0
DA:120,0
DA:121,0
DA:122,0
DA:123,0
DA:127,0
DA:135,0
DA:140,0
DA:141,0
DA:142,0
DA:143,0
DA:148,0
DA:149,0
DA:150,0
DA:154,0
DA:155,0
DA:156,0
DA:157,0
DA:161,0
DA:162,0
DA:163,0
DA:164,0
DA:165,0
DA:166,0
DA:168,0
LF:59
LH:0
end_of_record
SF:lib/features/feature_vendor/data/repository/repositoryHome_impl.dart
DA:26,0
DA:28,0
DA:31,0
DA:33,0
DA:34,0
DA:35,0
DA:36,0
DA:37,0
DA:40,0
DA:45,0
DA:46,0
DA:48,0
DA:50,0
DA:55,0
DA:58,0
DA:60,0
DA:61,0
DA:62,0
DA:63,0
DA:64,0
DA:67,0
DA:72,0
DA:73,0
DA:74,0
DA:76,0
DA:81,0
DA:84,0
DA:86,0
DA:87,0
DA:88,0
DA:89,0
DA:90,0
DA:93,0
DA:98,0
DA:99,0
DA:100,0
DA:102,0
DA:107,0
DA:111,0
DA:113,0
DA:114,0
DA:115,0
DA:116,0
DA:117,0
DA:119,0
DA:122,0
DA:123,0
DA:128,0
DA:129,0
DA:130,0
DA:131,0
DA:132,0
DA:134,0
LF:53
LH:0
end_of_record
SF:lib/features/feature_vendor/domain/usecase/storeProducts_usecase.dart
DA:13,0
DA:15,0
DA:17,0
DA:28,0
LF:4
LH:0
end_of_record
SF:lib/features/feature_vendor/domain/usecase/storesNearby_usecase.dart
DA:12,0
DA:14,0
DA:16,0
DA:25,0
LF:4
LH:0
end_of_record
SF:lib/features/feature_vendor/domain/usecase/storesReviews_usecase.dart
DA:13,0
DA:15,0
DA:17,0
DA:28,0
LF:4
LH:0
end_of_record
SF:lib/features/feature_vendor/domain/usecase/stores_usecase.dart
DA:12,0
DA:14,0
DA:16,0
DA:26,0
LF:4
LH:0
end_of_record
SF:lib/features/feature_vendor/presentation/store_map/storeMap_viewmodel.dart
DA:26,0
DA:28,0
DA:31,0
DA:34,0
DA:38,0
DA:40,0
DA:45,0
DA:46,0
DA:47,0
DA:50,0
DA:51,0
DA:52,0
DA:53,0
DA:56,0
DA:58,0
DA:59,0
DA:60,0
DA:61,0
DA:62,0
DA:64,0
DA:65,0
DA:66,0
DA:71,0
DA:72,0
DA:73,0
DA:74,0
DA:75,0
DA:76,0
DA:77,0
DA:79,0
DA:80,0
DA:84,0
DA:85,0
DA:86,0
DA:87,0
DA:89,0
DA:91,0
DA:92,0
DA:93,0
DA:94,0
DA:95,0
DA:99,0
LF:42
LH:0
end_of_record
SF:lib/features/feature_vendor/presentation/store_screen/store_details/srores_reviews/storeReviews_viewModel.dart
DA:14,0
DA:20,0
DA:23,0
DA:25,0
DA:27,0
DA:28,0
DA:29,0
DA:30,0
DA:31,0
DA:32,0
DA:33,0
DA:35,0
DA:36,0
DA:37,0
DA:39,0
DA:40,0
DA:41,0
DA:45,0
DA:46,0
DA:49,0
DA:50,0
DA:51,0
DA:52,0
DA:53,0
DA:54,0
DA:55,0
DA:56,0
DA:57,0
DA:58,0
DA:61,0
DA:62,0
DA:63,0
DA:64,0
DA:66,0
DA:67,0
DA:68,0
DA:74,0
DA:75,0
DA:76,0
DA:77,0
DA:78,0
DA:79,0
DA:80,0
LF:43
LH:0
end_of_record
SF:lib/features/feature_vendor/presentation/store_screen/store_details/store_products/storeProducts_viewModel.dart
DA:15,0
DA:21,0
DA:24,0
DA:26,0
DA:28,0
DA:29,0
DA:30,0
DA:31,0
DA:32,0
DA:33,0
DA:34,0
DA:37,0
DA:38,0
DA:39,0
DA:41,0
DA:42,0
DA:43,0
DA:47,0
DA:48,0
DA:51,0
DA:52,0
DA:53,0
DA:54,0
DA:55,0
DA:57,0
DA:58,0
DA:59,0
DA:60,0
DA:61,0
DA:62,0
DA:65,0
DA:66,0
DA:67,0
DA:68,0
DA:70,0
DA:71,0
DA:72,0
DA:78,0
DA:79,0
DA:80,0
DA:81,0
DA:82,0
DA:83,0
DA:84,0
LF:44
LH:0
end_of_record
SF:lib/features/feature_vendor/presentation/store_screen/stores/vendor_viewmodel.dart
DA:18,0
DA:26,0
DA:28,0
DA:30,0
DA:32,0
DA:33,0
DA:34,0
DA:35,0
DA:36,0
DA:37,0
DA:38,0
DA:40,0
DA:41,0
DA:42,0
DA:44,0
DA:45,0
DA:46,0
DA:52,0
DA:53,0
DA:56,0
DA:57,0
DA:58,0
DA:59,0
DA:60,0
DA:61,0
DA:62,0
DA:63,0
DA:64,0
DA:65,0
DA:68,0
DA:69,0
DA:70,0
DA:71,0
DA:73,0
DA:74,0
DA:75,0
DA:80,0
DA:81,0
DA:82,0
DA:83,0
DA:84,0
DA:85,0
DA:86,0
LF:43
LH:0
end_of_record
SF:lib/features/features_home/data/data_source/remote_data_source_home.dart
DA:28,0
DA:30,0
DA:34,0
DA:37,0
DA:40,0
DA:43,0
DA:47,0
DA:50,0
DA:54,0
DA:57,0
DA:60,0
DA:63,0
DA:66,0
DA:69,0
DA:72,0
LF:15
LH:0
end_of_record
SF:lib/features/features_home/data/network/apiHome.g.dart
DA:12,0
DA:16,0
DA:23,0
DA:26,0
DA:27,0
DA:28,0
DA:29,0
DA:30,0
DA:35,0
DA:36,0
DA:41,0
DA:42,0
DA:43,0
DA:44,0
DA:45,0
DA:49,0
DA:56,0
DA:61,0
DA:62,0
DA:63,0
DA:64,0
DA:69,0
DA:70,0
DA:75,0
DA:76,0
DA:77,0
DA:78,0
DA:82,0
DA:93,0
DA:102,0
DA:103,0
DA:104,0
DA:105,0
DA:110,0
DA:111,0
DA:116,0
DA:117,0
DA:118,0
DA:119,0
DA:123,0
DA:135,0
DA:145,0
DA:146,0
DA:147,0
DA:148,0
DA:153,0
DA:154,0
DA:159,0
DA:160,0
DA:161,0
DA:162,0
DA:166,0
DA:178,0
DA:188,0
DA:189,0
DA:190,0
DA:191,0
DA:196,0
DA:197,0
DA:202,0
DA:203,0
DA:204,0
DA:205,0
DA:209,0
DA:218,0
DA:225,0
DA:226,0
DA:227,0
DA:228,0
DA:233,0
DA:234,0
DA:239,0
DA:240,0
DA:241,0
DA:242,0
DA:246,0
DA:255,0
DA:262,0
DA:263,0
DA:264,0
DA:265,0
DA:270,0
DA:271,0
DA:276,0
DA:277,0
DA:278,0
DA:279,0
DA:283,0
DA:284,0
DA:285,0
DA:286,0
DA:287,0
DA:288,0
DA:290,0
LF:94
LH:0
end_of_record
SF:lib/features/features_home/data/repository/repositoryHome_impl.dart
DA:27,0
DA:30,0
DA:33,0
DA:35,0
DA:36,0
DA:37,0
DA:38,0
DA:39,0
DA:42,0
DA:47,0
DA:48,0
DA:50,0
DA:52,0
DA:58,0
DA:61,0
DA:63,0
DA:64,0
DA:65,0
DA:66,0
DA:67,0
DA:70,0
DA:75,0
DA:76,0
DA:78,0
DA:80,0
DA:85,0
DA:88,0
DA:90,0
DA:91,0
DA:92,0
DA:93,0
DA:94,0
DA:96,0
DA:98,0
DA:103,0
DA:104,0
DA:105,0
DA:106,0
DA:107,0
DA:109,0
DA:114,0
DA:117,0
DA:119,0
DA:120,0
DA:122,0
DA:125,0
DA:129,0
DA:133,0
DA:136,0
DA:138,0
DA:139,0
DA:140,0
DA:141,0
DA:142,0
DA:144,0
DA:146,0
DA:151,0
DA:152,0
DA:153,0
DA:154,0
DA:155,0
DA:157,0
DA:162,0
DA:165,0
DA:167,0
DA:168,0
DA:170,0
DA:173,0
DA:177,0
DA:180,0
DA:182,0
DA:183,0
DA:184,0
DA:186,0
DA:189,0
LF:75
LH:0
end_of_record
SF:lib/features/features_home/domain/usecase/categories_usecase.dart
DA:13,0
DA:15,0
DA:17,0
DA:25,0
LF:4
LH:0
end_of_record
SF:lib/features/features_home/domain/usecase/productAlsoLike_usecase.dart
DA:12,0
DA:14,0
DA:16,0
DA:25,0
LF:4
LH:0
end_of_record
SF:lib/features/features_home/domain/usecase/productByCategories_usecase.dart
DA:12,0
DA:14,0
DA:16,0
DA:28,0
LF:4
LH:0
end_of_record
SF:lib/features/features_home/domain/usecase/productReview_usecase.dart
DA:11,0
DA:13,0
DA:15,0
DA:25,0
LF:4
LH:0
end_of_record
SF:lib/features/features_home/domain/usecase/product_usecase.dart
DA:12,0
DA:14,0
DA:16,0
DA:27,0
LF:4
LH:0
end_of_record
SF:lib/features/features_home/domain/usecase/searchproduct_usecase.dart
DA:12,0
DA:14,0
DA:16,0
DA:30,0
LF:4
LH:0
end_of_record
SF:lib/features/features_home/domain/usecase/slider_usecase.dart
DA:12,0
DA:14,0
DA:16,0
DA:22,0
LF:4
LH:0
end_of_record
SF:lib/features/features_home/presentation/home_viewmodel.dart
DA:27,0
DA:31,0
DA:36,0
DA:41,0
DA:46,0
DA:52,0
DA:57,0
DA:58,0
DA:59,0
DA:61,0
DA:63,0
DA:64,0
DA:65,0
DA:67,0
DA:68,0
DA:69,0
DA:71,0
DA:72,0
DA:73,0
DA:78,0
DA:79,0
DA:80,0
DA:81,0
DA:82,0
DA:83,0
DA:86,0
DA:87,0
DA:89,0
DA:91,0
DA:92,0
DA:93,0
DA:94,0
DA:99,0
DA:100,0
DA:101,0
DA:102,0
DA:103,0
DA:104,0
DA:108,0
DA:109,0
DA:110,0
DA:111,0
DA:114,0
DA:115,0
DA:116,0
DA:118,0
DA:119,0
DA:120,0
DA:121,0
LF:49
LH:0
end_of_record
SF:lib/features/features_home/presentation/product_ByCategory/productByCategory_viewmodel.dart
DA:24,0
DA:30,0
DA:32,0
DA:37,0
DA:38,0
DA:39,0
DA:40,0
DA:41,0
DA:44,0
DA:50,0
DA:55,0
DA:57,0
DA:58,0
DA:59,0
DA:60,0
DA:61,0
DA:62,0
DA:63,0
DA:64,0
DA:65,0
DA:66,0
DA:67,0
DA:69,0
DA:75,0
DA:76,0
DA:79,0
DA:80,0
DA:81,0
DA:82,0
DA:83,0
DA:84,0
DA:85,0
DA:86,0
DA:87,0
DA:88,0
DA:91,0
DA:92,0
DA:93,0
DA:94,0
DA:96,0
DA:97,0
DA:98,0
DA:103,0
DA:104,0
DA:105,0
DA:106,0
DA:107,0
DA:108,0
LF:48
LH:0
end_of_record
SF:lib/features/features_home/presentation/product_details/productDetails_viewModel.dart
DA:17,0
DA:24,0
DA:27,0
DA:30,0
DA:31,0
DA:32,0
DA:35,0
DA:36,0
DA:37,0
DA:40,0
DA:41,0
DA:42,0
DA:43,0
DA:44,0
DA:46,0
DA:47,0
DA:48,0
DA:50,0
DA:51,0
DA:52,0
LF:20
LH:0
end_of_record
SF:lib/features/features_home/presentation/review_product/reviewProduct_viewmodel.dart
DA:17,0
DA:25,0
DA:26,0
DA:29,0
DA:31,0
DA:32,0
DA:33,0
DA:35,0
DA:36,0
DA:37,0
DA:39,0
DA:40,0
DA:41,0
DA:42,0
DA:47,0
DA:48,0
DA:51,0
DA:52,0
DA:53,0
DA:54,0
DA:55,0
DA:57,0
DA:58,0
DA:59,0
DA:60,0
DA:61,0
DA:62,0
DA:65,0
DA:66,0
DA:67,0
DA:68,0
DA:70,0
DA:71,0
DA:72,0
DA:77,0
DA:78,0
DA:79,0
DA:80,0
DA:81,0
DA:82,0
LF:40
LH:0
end_of_record
SF:lib/features/features_wishlist/data/data_source/localDataSource_wishlist.dart
DA:18,0
DA:21,0
DA:22,0
DA:25,0
DA:28,0
DA:32,0
DA:36,0
DA:37,0
DA:39,0
DA:40,0
DA:41,0
DA:45,0
DA:49,0
DA:52,0
DA:53,0
DA:57,0
DA:60,0
DA:61,0
DA:62,0
DA:63,0
DA:64,0
DA:70,0
DA:73,0
DA:74,0
DA:77,0
DA:78,0
LF:26
LH:0
end_of_record
SF:lib/features/features_wishlist/data/repository/repositoryWishlist_impl.dart
DA:18,0
DA:20,0
DA:24,0
DA:26,0
DA:30,0
DA:33,0
DA:36,0
DA:39,0
DA:43,0
DA:47,0
DA:48,0
DA:50,0
DA:54,0
DA:58,0
DA:59,0
DA:61,0
LF:16
LH:0
end_of_record
SF:lib/features/features_wishlist/domain/usecase/Addwishlist_usecase.dart
DA:10,0
DA:12,0
DA:15,0
LF:3
LH:0
end_of_record
SF:lib/features/features_wishlist/domain/usecase/deleteItemwishlist_usecase.dart
DA:9,0
DA:11,0
DA:13,0
DA:20,0
LF:4
LH:0
end_of_record
SF:lib/features/features_wishlist/domain/usecase/isProductwishlist_usecase.dart
DA:10,0
DA:12,0
DA:14,0
DA:21,0
LF:4
LH:0
end_of_record
SF:lib/features/features_wishlist/domain/usecase/wishlist_usecase.dart
DA:11,0
DA:13,0
DA:15,0
LF:3
LH:0
end_of_record
SF:lib/features/features_wishlist/presentation/favorite_viewmodel.dart
DA:24,0
DA:26,0
DA:32,0
DA:37,0
DA:39,0
DA:42,0
DA:43,0
DA:46,0
DA:48,0
DA:50,0
DA:51,0
DA:52,0
DA:54,0
DA:55,0
DA:61,0
DA:62,0
DA:64,0
DA:65,0
DA:66,0
DA:68,0
DA:69,0
DA:70,0
DA:74,0
DA:75,0
DA:76,0
DA:77,0
LF:26
LH:0
end_of_record
SF:lib/app/extensions.dart
DA:7,0
DA:17,0
DA:27,0
DA:38,0
LF:4
LH:0
end_of_record
SF:lib/features/feature_auth/data/mapper/mapper.dart
DA:18,0
DA:20,0
DA:25,0
DA:27,0
DA:33,0
DA:34,0
DA:40,0
DA:42,0
LF:8
LH:0
end_of_record
SF:lib/core/resources/constants/theme_manager.dart
DA:12,0
DA:14,0
DA:17,0
DA:18,0
DA:19,0
DA:20,0
DA:21,0
DA:24,0
DA:27,0
DA:28,0
DA:29,0
DA:33,0
DA:35,0
DA:37,0
DA:38,0
DA:41,0
DA:42,0
DA:43,0
DA:44,0
DA:45,0
DA:47,0
DA:48,0
DA:49,0
DA:50,0
DA:51,0
DA:55,0
DA:56,0
DA:57,0
DA:58,0
DA:59,0
DA:60,0
DA:61,0
DA:63,0
DA:64,0
DA:69,0
DA:70,0
DA:71,0
DA:76,0
DA:77,0
DA:78,0
DA:80,0
DA:82,0
DA:84,0
DA:85,0
DA:86,0
DA:89,0
DA:91,0
DA:92,0
DA:93,0
DA:96,0
DA:98,0
DA:99,0
DA:100,0
DA:103,0
DA:105,0
DA:106,0
DA:107,0
DA:110,0
LF:58
LH:0
end_of_record
SF:lib/core/resources/router/app_router.dart
DA:42,0
DA:43,0
DA:44,0
DA:46,0
DA:48,0
DA:50,0
DA:52,0
DA:54,0
DA:56,0
DA:57,0
DA:59,0
DA:61,0
DA:62,0
DA:63,0
DA:65,0
DA:66,0
DA:67,0
DA:68,0
DA:70,0
DA:71,0
DA:73,0
DA:74,0
DA:75,0
DA:76,0
DA:78,0
DA:81,0
DA:82,0
DA:83,0
DA:84,0
DA:86,0
DA:87,0
DA:88,0
DA:89,0
DA:90,0
DA:91,0
DA:93,0
DA:96,0
DA:97,0
DA:98,0
DA:101,0
DA:102,0
DA:104,0
DA:106,0
DA:107,0
DA:108,0
DA:110,0
DA:111,0
DA:112,0
DA:114,0
DA:115,0
DA:117,0
DA:118,0
DA:120,0
DA:121,0
DA:123,0
DA:124,0
DA:126,0
DA:127,0
DA:128,0
DA:130,0
DA:131,0
DA:134,0
DA:138,0
DA:139,0
DA:140,0
DA:141,0
DA:142,0
DA:144,0
DA:145,0
DA:151,0
DA:152,0
DA:153,0
LF:72
LH:0
end_of_record
SF:lib/core/common/app_settings/userAuthState.dart
DA:10,0
LF:1
LH:0
end_of_record
SF:lib/core/common/data/model/langouage.dart
DA:9,0
DA:12,0
DA:13,0
DA:14,0
DA:15,0
DA:16,0
DA:17,0
DA:20,0
DA:21,0
DA:22,0
DA:23,0
DA:24,0
DA:25,0
DA:26,0
LF:14
LH:0
end_of_record
SF:lib/core/common/data/model/model_currency.dart
DA:7,0
DA:9,0
DA:10,0
DA:11,0
DA:14,0
DA:15,0
DA:16,0
DA:17,0
LF:8
LH:0
end_of_record
SF:lib/features/feature_auth/domain/entities/login_model.dart
DA:7,0
DA:22,0
LF:2
LH:0
end_of_record
SF:lib/core/common/network/failure.dart
DA:10,0
DA:15,0
LF:2
LH:0
end_of_record
SF:lib/core/common/base/baseviewmodel.dart
DA:13,0
DA:16,0
DA:19,0
DA:21,0
DA:22,0
DA:24,0
LF:6
LH:0
end_of_record
SF:lib/core/common/state_renderer/state_renderer_impl.dart
DA:22,0
DA:25,0
DA:26,0
DA:27,0
DA:28,0
DA:39,0
DA:40,0
DA:41,0
DA:42,0
DA:43,0
DA:49,0
DA:51,0
DA:53,0
DA:64,0
DA:66,0
DA:67,0
DA:68,0
DA:74,0
DA:75,0
DA:76,0
DA:77,0
DA:80,0
DA:86,0
DA:90,0
DA:91,0
DA:93,0
DA:96,0
DA:102,0
DA:104,0
DA:105,0
DA:107,0
DA:108,0
DA:119,0
DA:120,0
DA:121,0
DA:125,0
DA:127,0
DA:128,0
DA:129,0
LF:39
LH:0
end_of_record
SF:lib/core/common/data/model/model_cache.g.dart
DA:13,0
DA:15,0
DA:16,0
DA:17,0
DA:19,0
DA:20,0
DA:21,0
DA:25,0
DA:28,0
DA:29,0
DA:30,0
DA:31,0
DA:32,0
DA:35,0
DA:36,0
DA:38,0
DA:41,0
DA:42,0
DA:43,0
LF:19
LH:0
end_of_record
SF:lib/core/common/data/model/model_cache.dart
DA:14,0
LF:1
LH:0
end_of_record
SF:lib/core/common/data/model/model_place.dart
DA:7,0
DA:9,0
DA:10,0
DA:11,0
DA:12,0
DA:13,0
DA:16,0
DA:19,0
DA:20,0
DA:21,0
DA:22,0
DA:24,0
DA:38,0
DA:47,0
DA:48,0
DA:49,0
DA:50,0
DA:51,0
DA:52,0
DA:55,0
DA:56,0
DA:57,0
DA:58,0
DA:60,0
DA:61,0
DA:62,0
DA:63,0
DA:66,0
DA:69,0
DA:70,0
DA:71,0
DA:72,0
DA:73,0
DA:74,0
DA:76,0
DA:77,0
DA:78,0
DA:79,0
DA:81,0
DA:82,0
DA:84,0
DA:93,0
DA:95,0
DA:96,0
DA:97,0
DA:100,0
DA:101,0
DA:102,0
DA:103,0
DA:112,0
DA:115,0
DA:116,0
DA:117,0
DA:120,0
DA:121,0
DA:122,0
DA:123,0
DA:132,0
DA:134,0
DA:135,0
DA:136,0
DA:139,0
DA:140,0
DA:141,0
DA:142,0
LF:65
LH:0
end_of_record
SF:lib/core/common/data/model/model_place_details.dart
DA:7,0
DA:9,0
DA:10,0
DA:11,0
DA:12,0
DA:15,0
DA:16,0
DA:17,0
DA:18,0
DA:20,0
DA:28,0
DA:30,0
DA:31,0
DA:32,0
DA:36,0
DA:37,0
DA:38,0
DA:39,0
DA:49,0
DA:51,0
DA:52,0
DA:53,0
DA:55,0
DA:56,0
DA:60,0
DA:61,0
DA:62,0
DA:63,0
DA:65,0
DA:66,0
DA:76,0
DA:78,0
DA:79,0
DA:80,0
DA:83,0
DA:84,0
DA:85,0
DA:86,0
DA:95,0
DA:97,0
DA:98,0
DA:99,0
DA:101,0
DA:102,0
DA:106,0
DA:107,0
DA:108,0
DA:109,0
DA:111,0
DA:112,0
LF:50
LH:0
end_of_record
SF:lib/core/common/data/mapper/mapper_product.dart
DA:11,0
DA:12,0
DA:13,0
DA:14,0
DA:19,0
DA:22,0
DA:28,0
DA:31,0
LF:8
LH:0
end_of_record
SF:lib/core/common/data/model/model_product.dart
DA:169,0
DA:333,0
DA:334,0
DA:336,0
DA:337,0
DA:338,0
DA:339,0
DA:340,0
DA:341,0
DA:342,0
DA:343,0
DA:344,0
DA:345,0
DA:346,0
DA:347,0
DA:348,0
DA:349,0
DA:350,0
DA:351,0
DA:352,0
DA:353,0
DA:359,0
DA:360,0
DA:361,0
DA:362,0
DA:363,0
DA:364,0
DA:365,0
DA:366,0
DA:367,0
DA:368,0
DA:369,0
DA:370,0
DA:371,0
DA:372,0
DA:373,0
DA:374,0
DA:375,0
DA:376,0
DA:378,0
DA:379,0
DA:380,0
DA:381,0
DA:382,0
DA:383,0
DA:387,0
DA:388,0
DA:389,0
DA:390,0
DA:391,0
DA:392,0
DA:393,0
DA:394,0
DA:395,0
DA:396,0
DA:397,0
DA:398,0
DA:399,0
DA:408,0
DA:409,0
DA:410,0
DA:411,0
DA:438,0
DA:439,0
DA:440,0
DA:447,0
DA:448,0
DA:449,0
DA:450,0
DA:451,0
DA:453,0
DA:454,0
DA:455,0
DA:456,0
DA:457,0
DA:458,0
DA:459,0
DA:460,0
DA:461,0
DA:462,0
DA:463,0
DA:464,0
DA:465,0
DA:466,0
DA:467,0
DA:468,0
DA:469,0
DA:470,0
DA:471,0
DA:472,0
DA:473,0
DA:474,0
DA:475,0
DA:476,0
DA:477,0
DA:478,0
DA:479,0
DA:480,0
DA:481,0
DA:482,0
DA:483,0
DA:484,0
DA:485,0
DA:486,0
DA:487,0
DA:488,0
DA:489,0
DA:490,0
DA:491,0
DA:492,0
DA:493,0
DA:494,0
DA:495,0
DA:496,0
DA:497,0
DA:498,0
DA:499,0
DA:500,0
DA:501,0
DA:502,0
DA:503,0
DA:504,0
DA:505,0
DA:506,0
DA:507,0
DA:508,0
DA:509,0
DA:510,0
DA:511,0
DA:512,0
DA:513,0
DA:514,0
DA:515,0
DA:516,0
DA:517,0
DA:518,0
DA:519,0
DA:520,0
DA:521,0
DA:522,0
DA:523,0
DA:524,0
DA:525,0
DA:526,0
DA:527,0
DA:528,0
DA:529,0
DA:530,0
DA:531,0
DA:532,0
DA:533,0
DA:534,0
DA:535,0
DA:536,0
DA:537,0
DA:539,0
DA:540,0
DA:541,0
DA:545,0
DA:546,0
DA:547,0
DA:550,0
DA:563,0
DA:564,0
DA:565,0
DA:566,0
DA:567,0
DA:568,0
DA:569,0
DA:570,0
DA:571,0
DA:572,0
DA:573,0
DA:574,0
DA:575,0
DA:576,0
DA:577,0
DA:578,0
DA:579,0
DA:580,0
DA:581,0
DA:582,0
DA:583,0
DA:584,0
DA:585,0
DA:586,0
DA:587,0
DA:588,0
DA:589,0
DA:590,0
DA:591,0
DA:595,0
DA:596,0
DA:597,0
DA:598,0
DA:599,0
DA:600,0
DA:601,0
DA:602,0
DA:603,0
DA:604,0
DA:605,0
DA:606,0
DA:607,0
DA:608,0
DA:612,0
DA:613,0
DA:614,0
DA:615,0
DA:616,0
DA:617,0
DA:618,0
DA:626,0
DA:627,0
DA:628,0
DA:629,0
DA:634,0
DA:635,0
DA:651,0
DA:652,0
DA:653,0
DA:657,0
DA:658,0
DA:659,0
DA:660,0
DA:661,0
DA:663,0
DA:664,0
DA:665,0
DA:666,0
DA:667,0
DA:668,0
DA:669,0
DA:670,0
DA:671,0
DA:672,0
DA:673,0
DA:674,0
DA:675,0
DA:676,0
DA:677,0
DA:678,0
DA:679,0
DA:680,0
DA:681,0
DA:682,0
DA:683,0
DA:684,0
DA:685,0
DA:686,0
DA:687,0
DA:688,0
DA:689,0
DA:690,0
DA:691,0
DA:692,0
DA:693,0
DA:694,0
DA:695,0
DA:696,0
DA:697,0
DA:698,0
DA:699,0
DA:700,0
DA:701,0
DA:702,0
DA:703,0
DA:704,0
DA:705,0
DA:706,0
DA:707,0
DA:708,0
DA:709,0
DA:710,0
DA:711,0
DA:712,0
DA:713,0
DA:714,0
DA:715,0
DA:716,0
DA:717,0
DA:718,0
DA:719,0
DA:720,0
DA:721,0
DA:722,0
DA:723,0
DA:724,0
DA:725,0
DA:726,0
DA:727,0
DA:728,0
DA:729,0
DA:730,0
DA:731,0
DA:732,0
DA:733,0
DA:734,0
DA:735,0
DA:736,0
DA:737,0
DA:738,0
DA:739,0
DA:740,0
DA:741,0
DA:742,0
DA:743,0
DA:744,0
DA:745,0
DA:746,0
DA:747,0
DA:748,0
DA:749,0
DA:751,0
DA:752,0
DA:753,0
DA:757,0
DA:758,0
DA:759,0
DA:761,0
DA:781,0
DA:783,0
DA:784,0
DA:785,0
DA:786,0
DA:789,0
DA:790,0
DA:791,0
DA:792,0
DA:793,0
DA:803,0
DA:805,0
DA:806,0
DA:807,0
DA:808,0
DA:811,0
DA:812,0
DA:813,0
DA:814,0
DA:815,0
DA:824,0
DA:829,0
DA:830,0
DA:832,0
DA:836,0
DA:837,0
DA:838,0
DA:839,0
DA:849,0
DA:851,0
DA:852,0
DA:853,0
DA:854,0
DA:857,0
DA:858,0
DA:859,0
DA:860,0
DA:861,0
DA:889,0
DA:891,0
DA:892,0
DA:894,0
DA:895,0
DA:899,0
DA:900,0
DA:901,0
DA:902,0
DA:903,0
DA:904,0
DA:920,0
DA:928,0
DA:929,0
DA:930,0
DA:931,0
DA:932,0
DA:933,0
DA:934,0
DA:937,0
DA:938,0
DA:939,0
DA:940,0
DA:941,0
DA:942,0
DA:943,0
DA:944,0
DA:985,0
DA:987,0
DA:988,0
DA:991,0
DA:992,0
DA:993,0
DA:1076,0
DA:1078,0
DA:1079,0
DA:1080,0
DA:1083,0
DA:1084,0
DA:1085,0
DA:1086,0
LF:399
LH:0
end_of_record
SF:lib/core/common/domain/entities/product_entitie.g.dart
DA:13,0
DA:15,0
DA:16,0
DA:17,0
DA:19,0
DA:20,0
DA:21,0
DA:22,0
DA:23,0
DA:24,0
DA:25,0
DA:26,0
DA:27,0
DA:28,0
DA:29,0
DA:30,0
DA:31,0
DA:32,0
DA:36,0
DA:39,0
DA:40,0
DA:41,0
DA:42,0
DA:43,0
DA:44,0
DA:45,0
DA:46,0
DA:47,0
DA:48,0
DA:49,0
DA:50,0
DA:51,0
DA:52,0
DA:53,0
DA:54,0
DA:55,0
DA:56,0
DA:57,0
DA:58,0
DA:59,0
DA:60,0
DA:61,0
DA:62,0
DA:63,0
DA:64,0
DA:65,0
DA:68,0
DA:69,0
DA:71,0
DA:74,0
DA:75,0
DA:76,0
DA:83,0
DA:85,0
DA:86,0
DA:87,0
DA:89,0
DA:90,0
DA:91,0
DA:95,0
DA:98,0
DA:99,0
DA:100,0
DA:101,0
DA:102,0
DA:105,0
DA:106,0
DA:108,0
DA:111,0
DA:112,0
DA:113,0
DA:120,0
DA:122,0
DA:123,0
DA:124,0
DA:126,0
DA:127,0
DA:128,0
DA:132,0
DA:135,0
DA:136,0
DA:137,0
DA:138,0
DA:139,0
DA:142,0
DA:143,0
DA:145,0
DA:148,0
DA:149,0
DA:150,0
LF:90
LH:0
end_of_record
SF:lib/core/common/domain/entities/product_entitie.dart
DA:40,0
DA:63,0
DA:73,0
LF:3
LH:0
end_of_record
SF:lib/core/common/data/model/WebViewArgment.dart
DA:8,0
LF:1
LH:0
end_of_record
SF:lib/features/feature_vendor/data/responeses/model_vendor.dart
DA:34,0
DA:65,0
DA:66,0
DA:67,0
DA:68,0
DA:69,0
DA:72,0
DA:73,0
DA:74,0
DA:75,0
DA:76,0
DA:77,0
DA:78,0
DA:79,0
DA:80,0
DA:81,0
DA:83,0
DA:84,0
DA:85,0
DA:86,0
DA:87,0
DA:88,0
DA:89,0
DA:90,0
DA:91,0
DA:92,0
DA:94,0
DA:95,0
DA:96,0
DA:97,0
DA:98,0
DA:99,0
DA:100,0
DA:101,0
DA:102,0
DA:108,0
DA:109,0
DA:110,0
DA:111,0
DA:112,0
DA:113,0
DA:117,0
DA:118,0
DA:119,0
DA:120,0
DA:121,0
DA:122,0
DA:123,0
DA:124,0
DA:125,0
DA:126,0
DA:127,0
DA:128,0
DA:129,0
DA:130,0
DA:131,0
DA:132,0
DA:133,0
DA:135,0
DA:136,0
DA:137,0
DA:138,0
DA:139,0
DA:140,0
DA:157,0
DA:165,0
DA:166,0
DA:167,0
DA:168,0
DA:169,0
DA:170,0
DA:171,0
DA:174,0
DA:175,0
DA:176,0
DA:177,0
DA:178,0
DA:179,0
DA:180,0
DA:181,0
DA:191,0
DA:193,0
DA:194,0
DA:195,0
DA:198,0
DA:199,0
DA:200,0
DA:201,0
DA:213,0
DA:215,0
DA:216,0
DA:223,0
DA:224,0
DA:227,0
DA:228,0
DA:229,0
DA:233,0
DA:234,0
DA:242,0
DA:244,0
DA:245,0
DA:246,0
DA:247,0
DA:248,0
DA:254,0
DA:255,0
DA:256,0
DA:257,0
DA:266,0
DA:268,0
DA:269,0
DA:272,0
DA:273,0
DA:274,0
LF:114
LH:0
end_of_record
SF:lib/core/common/network/error_handler.dart
DA:23,0
DA:24,0
DA:26,0
DA:28,0
DA:32,0
DA:33,0
DA:34,0
DA:35,0
DA:37,0
DA:38,0
DA:40,0
DA:41,0
DA:43,0
DA:44,0
DA:45,0
DA:46,0
DA:47,0
DA:48,0
DA:49,0
DA:50,0
DA:51,0
DA:52,0
DA:53,0
DA:54,0
DA:56,0
DA:59,0
DA:60,0
DA:62,0
DA:63,0
DA:66,0
DA:72,0
DA:74,0
DA:75,0
DA:76,0
DA:77,0
DA:79,0
DA:80,0
DA:82,0
DA:83,0
DA:85,0
DA:86,0
DA:88,0
DA:89,0
DA:91,0
DA:92,0
DA:94,0
DA:95,0
DA:97,0
DA:98,0
DA:100,0
DA:101,0
DA:104,0
LF:52
LH:0
end_of_record
SF:lib/core/common/services/services.dart
DA:6,0
DA:8,0
DA:10,0
DA:16,0
DA:17,0
DA:18,0
DA:20,0
DA:21,0
DA:22,0
LF:9
LH:0
end_of_record
SF:lib/firebase_options.dart
DA:18,0
DA:20,0
DA:25,0
DA:26,0
DA:28,0
DA:30,0
DA:31,0
DA:35,0
DA:36,0
DA:40,0
DA:41,0
DA:46,0
LF:12
LH:0
end_of_record
SF:lib/core/common/state_renderer/state_renderer.dart
DA:32,0
DA:41,0
DA:43,0
DA:46,0
DA:49,0
DA:51,0
DA:52,0
DA:53,0
DA:55,0
DA:56,0
DA:58,0
DA:59,0
DA:60,0
DA:61,0
DA:63,0
DA:64,0
DA:66,0
DA:67,0
DA:71,0
DA:74,0
DA:78,0
DA:79,0
DA:88,0
DA:89,0
DA:90,0
DA:91,0
DA:95,0
DA:96,0
DA:97,0
DA:99,0
DA:100,0
DA:101,0
DA:102,0
DA:106,0
DA:111,0
DA:112,0
DA:113,0
DA:120,0
DA:121,0
DA:124,0
DA:129,0
DA:130,0
DA:131,0
DA:133,0
DA:134,0
DA:135,0
DA:141,0
DA:142,0
DA:143,0
DA:144,0
DA:146,0
DA:147,0
DA:149,0
DA:150,0
DA:153,0
DA:157,0
DA:158,0
LF:57
LH:0
end_of_record
SF:lib/core/resources/constants/color_manager.dart
DA:7,0
DA:8,0
DA:9,0
DA:10,0
DA:11,0
DA:12,0
DA:13,0
DA:14,0
DA:22,0
DA:23,0
DA:24,0
DA:25,0
DA:26,0
DA:27,0
DA:28,0
DA:29,0
DA:30,0
DA:31,0
DA:32,0
DA:33,0
DA:34,0
DA:35,0
DA:39,0
DA:40,0
DA:41,0
DA:42,0
DA:43,0
DA:44,0
DA:45,0
DA:52,0
DA:53,0
DA:54,0
DA:55,0
DA:56,0
DA:57,0
DA:63,0
DA:64,0
DA:65,0
DA:66,0
DA:69,0
LF:40
LH:0
end_of_record
SF:lib/core/resources/constants/styles_manger.dart
DA:5,0
DA:6,0
DA:16,0
DA:17,0
DA:22,0
DA:23,0
DA:27,0
DA:28,0
DA:32,0
DA:33,0
DA:37,0
DA:38,0
LF:12
LH:0
end_of_record
SF:lib/core/common/widget/custom_button.dart
DA:14,0
DA:23,0
DA:25,0
DA:26,0
DA:27,0
DA:30,0
DA:31,0
DA:32,0
DA:33,0
DA:36,0
DA:38,0
DA:39,0
DA:41,0
DA:42,0
DA:43,0
DA:44,0
LF:16
LH:0
end_of_record
SF:lib/core/common/widget/email.dart
DA:30,0
DA:32,0
DA:36,0
DA:38,0
DA:41,0
DA:43,0
DA:45,0
DA:46,0
DA:48,0
DA:50,0
DA:51,0
DA:53,0
DA:54,0
DA:55,0
DA:56,0
DA:59,0
DA:60,0
DA:62,0
DA:63,0
DA:66,0
DA:67,0
DA:68,0
DA:70,0
DA:72,0
DA:74,0
DA:75,0
DA:76,0
DA:88,0
DA:91,0
LF:29
LH:0
end_of_record
SF:lib/core/common/widget/loading/comments_loading.dart
DA:10,0
DA:12,0
DA:14,0
DA:15,0
DA:16,0
DA:17,0
DA:18,0
DA:19,0
DA:20,0
DA:21,0
DA:27,0
DA:30,0
DA:31,0
DA:32,0
DA:33,0
DA:34,0
DA:35,0
DA:36,0
DA:37,0
LF:19
LH:0
end_of_record
SF:lib/core/common/widget/loading/skeleton.dart
DA:8,3
DA:13,0
DA:15,0
DA:16,0
DA:17,0
DA:28,0
DA:32,0
DA:34,0
DA:35,0
DA:36,0
LF:10
LH:1
end_of_record
SF:lib/core/common/widget/loading/listLoadingProduct.dart
DA:12,0
DA:14,0
DA:17,0
DA:18,0
DA:19,0
DA:23,0
DA:25,0
DA:26,0
DA:27,0
DA:29,0
DA:31,0
DA:32,0
DA:34,0
DA:35,0
DA:36,0
DA:39,0
DA:40,0
DA:41,0
DA:43,0
DA:44,0
DA:45,0
LF:21
LH:0
end_of_record
SF:lib/core/common/widget/loading/productByCategory_loading.dart
DA:13,0
DA:15,0
DA:19,0
DA:20,0
DA:21,0
DA:22,0
DA:25,0
DA:26,0
DA:27,0
DA:30,0
DA:32,0
DA:33,0
DA:36,0
DA:37,0
DA:38,0
DA:39,0
DA:42,0
DA:43,0
DA:44,0
DA:47,0
DA:48,0
DA:49,0
LF:22
LH:0
end_of_record
SF:lib/core/common/widget/loading/loader.dart
DA:14,0
DA:15,0
DA:18,0
DA:19,0
DA:20,0
DA:21,0
DA:22,0
DA:23,0
DA:29,0
DA:31,0
DA:32,0
DA:35,0
DA:36,0
LF:13
LH:0
end_of_record
SF:lib/core/resources/responsive.dart
DA:10,0
DA:15,0
DA:20,0
DA:21,0
DA:23,0
DA:24,0
DA:25,0
DA:27,0
DA:28,0
DA:30,0
DA:32,0
DA:34,0
DA:35,0
DA:36,0
DA:39,0
DA:40,0
DA:44,0
LF:17
LH:0
end_of_record
SF:lib/core/common/widget/loading/order_list_loading_item.dart
DA:9,0
DA:11,0
DA:13,0
DA:14,0
DA:15,0
DA:19,0
DA:20,0
DA:21,0
DA:23,0
DA:25,0
DA:32,0
DA:35,0
DA:36,0
DA:37,0
DA:44,0
DA:45,0
DA:48,0
DA:49,0
DA:51,0
DA:54,0
DA:56,0
DA:63,0
DA:64,0
DA:65,0
DA:66,0
DA:94,0
DA:96,0
DA:97,0
DA:102,0
DA:104,0
DA:105,0
DA:107,0
DA:108,0
DA:122,0
DA:136,0
DA:150,0
LF:36
LH:0
end_of_record
SF:lib/core/common/widget/loading/product_loading.dart
DA:13,0
DA:15,0
DA:19,0
DA:20,0
DA:21,0
DA:22,0
DA:25,0
DA:26,0
DA:27,0
DA:28,0
LF:10
LH:0
end_of_record
SF:lib/core/common/widget/name_textfaild.dart
DA:30,0
DA:31,0
DA:34,0
DA:37,0
DA:39,0
DA:40,0
DA:42,0
DA:43,0
DA:44,0
DA:45,0
DA:46,0
DA:47,0
DA:48,0
DA:49,0
DA:50,0
DA:51,0
DA:52,0
DA:53,0
DA:55,0
DA:56,0
DA:57,0
DA:58,0
DA:60,0
DA:61,0
DA:62,0
DA:64,0
DA:65,0
DA:67,0
DA:68,0
DA:69,0
DA:70,0
LF:31
LH:0
end_of_record
SF:lib/core/common/widget/passwordField.dart
DA:27,0
DA:29,0
DA:32,0
DA:35,0
DA:36,0
DA:37,0
DA:38,0
DA:39,0
DA:40,0
DA:41,0
DA:42,0
DA:43,0
DA:44,0
DA:47,0
DA:48,0
DA:49,0
DA:51,0
DA:53,0
DA:54,0
DA:57,0
DA:58,0
DA:59,0
DA:62,0
DA:63,0
DA:65,0
DA:66,0
DA:67,0
DA:68,0
LF:28
LH:0
end_of_record
SF:lib/core/common/widget/phone.dart
DA:24,0
DA:26,0
DA:30,0
DA:32,0
DA:35,0
DA:37,0
DA:39,0
DA:41,0
DA:44,0
DA:46,0
DA:47,0
DA:50,0
DA:51,0
DA:52,0
DA:54,0
DA:55,0
DA:58,0
DA:59,0
DA:60,0
DA:61,0
DA:62,0
DA:64,0
DA:65,0
DA:66,0
DA:68,0
DA:70,0
DA:71,0
DA:83,0
DA:87,0
LF:29
LH:0
end_of_record
SF:lib/core/common/widget/searchBox.dart
DA:23,0
DA:36,0
DA:38,0
DA:39,0
DA:45,0
DA:50,0
DA:52,0
DA:54,0
DA:55,0
DA:56,0
DA:57,0
DA:60,0
DA:62,0
DA:63,0
DA:65,0
DA:68,0
DA:69,0
DA:70,0
DA:71,0
DA:72,0
DA:73,0
DA:77,0
DA:78,0
DA:79,0
DA:80,0
DA:85,0
DA:87,0
DA:89,0
DA:90,0
DA:91,0
DA:92,0
DA:94,0
DA:95,0
DA:96,0
DA:97,0
DA:98,0
DA:100,0
DA:104,0
DA:105,0
DA:107,0
DA:111,0
DA:113,0
DA:114,0
DA:115,0
DA:116,0
DA:117,0
DA:118,0
DA:119,0
LF:48
LH:0
end_of_record
SF:lib/core/common/widget/starRating.dart
DA:15,0
DA:17,0
DA:19,0
DA:20,0
DA:22,0
DA:24,0
DA:25,0
DA:28,0
DA:29,0
DA:31,0
DA:32,0
DA:33,0
DA:34,0
DA:37,0
DA:39,0
DA:40,0
DA:41,0
DA:42,0
DA:45,0
DA:52,0
DA:54,0
LF:21
LH:0
end_of_record
SF:lib/core/common/widget/toolbar.dart
DA:16,0
DA:17,0
DA:19,0
DA:27,0
DA:28,0
DA:29,0
DA:32,0
DA:33,0
DA:34,0
DA:35,0
DA:38,0
DA:39,0
DA:40,0
DA:41,0
DA:42,0
DA:43,0
DA:44,0
DA:46,0
DA:47,0
DA:48,0
DA:49,0
DA:50,0
DA:52,0
DA:54,0
DA:55,0
DA:60,0
DA:61,0
DA:62,0
DA:63,0
DA:64,0
DA:65,0
DA:72,0
DA:75,0
DA:76,0
DA:77,0
DA:78,0
LF:36
LH:0
end_of_record
SF:lib/core/common/widget/widget_empty.dart
DA:12,0
DA:14,0
DA:17,0
DA:19,0
DA:20,0
DA:21,0
DA:22,0
DA:23,0
DA:24,0
DA:25,0
LF:10
LH:0
end_of_record
SF:lib/core/common/widget/widget_webView.dart
DA:16,0
DA:18,0
DA:19,0
DA:32,0
DA:36,0
DA:37,0
DA:46,0
DA:50,0
DA:51,0
DA:52,0
DA:53,0
DA:54,0
DA:55,0
DA:56,0
DA:57,0
DA:61,0
DA:63,0
DA:64,0
DA:66,0
DA:67,0
DA:69,0
DA:70,0
DA:72,0
DA:73,0
DA:74,0
DA:75,0
DA:76,0
DA:78,0
DA:86,0
DA:91,0
DA:93,0
DA:94,0
DA:95,0
DA:99,0
DA:102,0
DA:103,0
DA:104,0
DA:105,0
DA:109,0
DA:112,0
DA:117,0
DA:118,0
DA:119,0
DA:120,0
DA:123,0
DA:124,0
DA:125,0
DA:126,0
DA:127,0
DA:128,0
DA:130,0
DA:132,0
DA:134,0
DA:135,0
DA:137,0
DA:139,0
DA:142,0
DA:143,0
DA:144,0
DA:145,0
DA:147,0
DA:148,0
DA:149,0
DA:150,0
DA:151,0
DA:156,0
DA:157,0
DA:158,0
DA:160,0
DA:167,0
DA:168,0
DA:169,0
DA:170,0
DA:173,0
DA:174,0
LF:75
LH:0
end_of_record
SF:lib/features/feature_auth/presentation/update_profile/update_profile.dart
DA:25,0
DA:26,0
DA:34,0
DA:35,0
DA:36,0
DA:37,0
DA:42,0
DA:45,0
DA:47,0
DA:48,0
DA:49,0
DA:50,0
DA:51,0
DA:52,0
DA:53,0
DA:54,0
DA:55,0
DA:56,0
DA:57,0
DA:58,0
DA:59,0
DA:60,0
DA:61,0
DA:62,0
DA:63,0
DA:65,0
DA:66,0
DA:67,0
DA:68,0
DA:69,0
DA:70,0
DA:72,0
DA:73,0
DA:74,0
DA:75,0
DA:77,0
DA:78,0
DA:79,0
DA:85,0
DA:86,0
DA:87,0
DA:88,0
DA:89,0
DA:90,0
DA:91,0
DA:92,0
DA:93,0
DA:94,0
DA:95,0
DA:100,0
DA:102,0
DA:103,0
DA:104,0
DA:107,0
DA:108,0
DA:110,0
DA:111,0
DA:112,0
DA:118,0
DA:119,0
DA:120,0
DA:123,0
DA:132,0
DA:133,0
DA:134,0
DA:135,0
DA:136,0
DA:137,0
DA:138,0
DA:139,0
DA:141,0
DA:142,0
DA:144,0
DA:148,0
DA:149,0
DA:150,0
DA:151,0
DA:152,0
DA:155,0
DA:156,0
DA:161,0
DA:162,0
DA:163,0
DA:164,0
DA:165,0
DA:166,0
DA:167,0
DA:168,0
DA:170,0
DA:171,0
DA:173,0
DA:177,0
DA:178,0
DA:179,0
DA:180,0
DA:181,0
DA:183,0
DA:184,0
DA:190,0
DA:191,0
DA:192,0
DA:193,0
DA:194,0
DA:195,0
DA:196,0
DA:197,0
DA:199,0
DA:200,0
DA:202,0
DA:207,0
DA:208,0
DA:209,0
DA:210,0
DA:211,0
DA:213,0
DA:215,0
DA:216,0
DA:220,0
DA:221,0
DA:222,0
DA:223,0
DA:224,0
DA:225,0
DA:226,0
DA:227,0
DA:229,0
DA:230,0
DA:232,0
DA:237,0
DA:238,0
DA:239,0
DA:240,0
DA:241,0
DA:243,0
DA:245,0
DA:246,0
DA:250,0
DA:251,0
DA:252,0
DA:253,0
DA:254,0
DA:255,0
DA:256,0
DA:257,0
DA:259,0
DA:260,0
DA:262,0
DA:267,0
DA:268,0
DA:269,0
DA:270,0
DA:271,0
DA:273,0
DA:275,0
DA:276,0
DA:280,0
DA:281,0
DA:282,0
DA:283,0
DA:284,0
DA:285,0
DA:286,0
DA:287,0
DA:289,0
DA:290,0
DA:292,0
DA:297,0
DA:298,0
DA:299,0
DA:300,0
DA:301,0
DA:303,0
DA:305,0
DA:306,0
DA:310,0
DA:311,0
DA:312,0
DA:313,0
DA:314,0
DA:315,0
DA:316,0
DA:317,0
DA:319,0
DA:320,0
DA:322,0
DA:326,0
DA:327,0
DA:328,0
DA:329,0
DA:331,0
DA:333,0
DA:335,0
DA:336,0
DA:340,0
DA:341,0
DA:342,0
DA:343,0
DA:344,0
DA:345,0
DA:346,0
DA:347,0
DA:349,0
DA:350,0
DA:352,0
DA:356,0
DA:357,0
DA:358,0
DA:359,0
DA:361,0
DA:363,0
DA:365,0
DA:366,0
DA:370,0
DA:371,0
DA:372,0
DA:373,0
DA:374,0
DA:375,0
DA:376,0
DA:377,0
DA:378,0
DA:379,0
DA:381,0
DA:382,0
DA:383,0
DA:385,0
DA:389,0
DA:390,0
DA:391,0
DA:392,0
DA:393,0
DA:396,0
DA:397,0
DA:398,0
DA:399,0
DA:400,0
DA:401,0
DA:402,0
DA:403,0
DA:404,0
DA:405,0
DA:406,0
DA:418,0
LF:243
LH:0
end_of_record
SF:lib/features/feature_bottombar/bottom_bar.dart
DA:27,0
DA:28,0
DA:38,0
DA:40,0
DA:41,0
DA:42,0
DA:43,0
DA:47,0
DA:49,0
DA:50,0
DA:52,0
DA:55,0
DA:56,0
DA:57,0
DA:59,0
DA:61,0
DA:63,0
DA:64,0
DA:66,0
DA:67,0
DA:68,0
DA:70,0
DA:73,0
DA:76,0
DA:78,0
DA:81,0
DA:83,0
DA:85,0
DA:89,0
DA:91,0
DA:95,0
DA:96,0
DA:97,0
DA:98,0
DA:99,0
DA:100,0
DA:101,0
DA:102,0
DA:103,0
DA:107,0
DA:108,0
DA:109,0
DA:110,0
DA:111,0
DA:112,0
DA:116,0
DA:117,0
DA:119,0
DA:120,0
DA:121,0
DA:122,0
DA:123,0
DA:124,0
DA:135,0
DA:139,0
DA:140,0
DA:141,0
DA:142,0
LF:58
LH:0
end_of_record
SF:lib/features/feature_more/add_new_complaint/add_new_complaint.dart
DA:19,0
DA:28,0
DA:29,0
DA:30,0
DA:31,0
DA:37,0
DA:38,0
DA:39,0
DA:40,0
DA:47,0
DA:50,0
DA:51,0
DA:54,0
DA:55,0
DA:56,0
DA:57,0
DA:58,0
DA:62,0
DA:63,0
DA:64,0
DA:65,0
DA:66,0
DA:67,0
DA:68,0
DA:69,0
DA:70,0
DA:71,0
DA:72,0
DA:73,0
DA:74,0
DA:75,0
DA:76,0
DA:84,0
DA:85,0
DA:86,0
DA:87,0
DA:88,0
DA:89,0
DA:90,0
DA:91,0
DA:92,0
DA:95,0
DA:96,0
DA:97,0
DA:98,0
DA:99,0
DA:100,0
DA:101,0
DA:102,0
DA:103,0
DA:104,0
DA:107,0
DA:108,0
DA:109,0
DA:110,0
DA:111,0
DA:112,0
DA:113,0
DA:114,0
DA:117,0
DA:118,0
DA:119,0
DA:120,0
DA:122,0
DA:123,0
DA:124,0
DA:127,0
DA:128,0
DA:129,0
DA:130,0
DA:131,0
DA:132,0
DA:133,0
DA:157,0
DA:158,0
DA:159,0
DA:160,0
DA:161,0
DA:162,0
DA:163,0
DA:164,0
DA:167,0
DA:168,0
DA:169,0
DA:170,0
DA:171,0
DA:172,0
DA:173,0
DA:174,0
DA:175,0
DA:179,0
DA:180,0
DA:181,0
DA:182,0
DA:185,0
DA:186,0
DA:187,0
DA:189,0
DA:192,0
DA:193,0
DA:194,0
DA:195,0
DA:196,0
DA:197,0
DA:198,0
DA:199,0
DA:202,0
DA:203,0
DA:204,0
DA:205,0
DA:206,0
DA:207,0
DA:208,0
DA:209,0
DA:211,0
DA:213,0
DA:214,0
DA:215,0
DA:216,0
DA:219,0
DA:220,0
DA:221,0
DA:222,0
DA:226,0
DA:227,0
DA:228,0
DA:229,0
DA:230,0
DA:231,0
DA:232,0
DA:233,0
DA:236,0
DA:237,0
DA:238,0
DA:241,0
DA:245,0
DA:246,0
DA:247,0
DA:248,0
DA:249,0
DA:250,0
DA:251,0
DA:252,0
DA:253,0
DA:254,0
DA:255,0
DA:259,0
DA:262,0
DA:263,0
DA:264,0
DA:265,0
DA:266,0
DA:267,0
DA:268,0
DA:269,0
DA:270,0
DA:272,0
DA:279,0
DA:295,0
DA:299,0
DA:300,0
DA:301,0
DA:302,0
LF:163
LH:0
end_of_record
SF:lib/features/feature_more/currency/currency_screen.dart
DA:22,0
DA:23,0
DA:31,0
DA:34,0
DA:36,0
DA:37,0
DA:38,0
DA:40,0
DA:41,0
DA:42,0
DA:43,0
DA:44,0
DA:45,0
DA:50,0
DA:52,0
DA:53,0
DA:54,0
DA:55,0
DA:56,0
DA:57,0
DA:58,0
DA:71,0
DA:74,0
DA:75,0
DA:76,0
DA:77,0
DA:78,0
LF:27
LH:0
end_of_record
SF:lib/features/feature_more/langouage/langouage_screen.dart
DA:17,0
DA:18,0
DA:26,0
DA:29,0
DA:31,0
DA:32,0
DA:34,0
DA:35,0
DA:36,0
DA:37,0
DA:38,0
DA:39,0
DA:44,0
DA:46,0
DA:47,0
DA:48,0
DA:49,0
DA:50,0
DA:51,0
DA:52,0
DA:65,0
DA:68,0
DA:69,0
DA:70,0
DA:71,0
DA:72,0
LF:26
LH:0
end_of_record
SF:lib/features/feature_auth/presentation/login/login.dart
DA:31,0
DA:32,0
DA:44,0
DA:45,0
DA:46,0
DA:47,0
DA:49,0
DA:50,0
DA:51,0
DA:61,0
DA:62,0
DA:63,0
DA:64,0
DA:65,0
DA:66,0
DA:67,0
DA:69,0
DA:70,0
DA:71,0
DA:72,0
DA:73,0
DA:74,0
DA:75,0
DA:77,0
DA:78,0
DA:82,0
DA:83,0
DA:84,0
DA:85,0
DA:86,0
DA:87,0
DA:88,0
DA:89,0
DA:90,0
DA:92,0
DA:93,0
DA:94,0
DA:95,0
DA:96,0
DA:97,0
DA:108,0
DA:109,0
DA:110,0
DA:111,0
DA:112,0
DA:113,0
DA:114,0
DA:115,0
DA:116,0
DA:119,0
DA:120,0
DA:121,0
DA:122,0
DA:123,0
DA:126,0
DA:127,0
DA:129,0
DA:130,0
DA:131,0
DA:132,0
DA:134,0
DA:135,0
DA:138,0
DA:139,0
DA:140,0
DA:141,0
DA:142,0
DA:144,0
DA:145,0
DA:147,0
DA:150,0
DA:151,0
DA:152,0
DA:153,0
DA:154,0
DA:155,0
DA:156,0
DA:157,0
DA:158,0
DA:159,0
DA:162,0
DA:165,0
DA:166,0
DA:167,0
DA:170,0
DA:171,0
DA:172,0
DA:173,0
DA:174,0
DA:175,0
DA:176,0
DA:177,0
DA:178,0
DA:179,0
DA:182,0
DA:183,0
DA:184,0
DA:185,0
DA:186,0
DA:189,0
DA:192,0
DA:193,0
DA:194,0
DA:195,0
DA:196,0
DA:197,0
DA:198,0
DA:200,0
DA:201,0
DA:202,0
DA:203,0
DA:206,0
DA:207,0
DA:208,0
DA:213,0
DA:214,0
DA:215,0
DA:216,0
DA:217,0
DA:226,0
DA:227,0
DA:228,0
DA:230,0
DA:233,0
DA:234,0
DA:235,0
DA:236,0
DA:238,0
DA:240,0
DA:242,0
DA:243,0
DA:245,0
DA:248,0
DA:249,0
DA:250,0
DA:252,0
DA:253,0
DA:254,0
DA:255,0
DA:256,0
DA:258,0
DA:261,0
DA:282,0
DA:283,0
DA:284,0
DA:287,0
DA:290,0
DA:291,0
DA:292,0
DA:294,0
DA:296,0
DA:297,0
DA:298,0
DA:300,0
DA:301,0
DA:303,0
DA:321,0
DA:322,0
DA:324,0
DA:325,0
DA:326,0
DA:328,0
DA:329,0
DA:330,0
DA:331,0
DA:332,0
DA:333,0
DA:334,0
DA:335,0
DA:338,0
DA:339,0
DA:340,0
DA:341,0
DA:342,0
DA:343,0
DA:346,0
DA:347,0
DA:349,0
DA:350,0
DA:351,0
DA:352,0
DA:354,0
DA:355,0
DA:358,0
DA:359,0
DA:360,0
DA:361,0
DA:362,0
DA:364,0
DA:365,0
DA:367,0
DA:370,0
DA:371,0
DA:372,0
DA:373,0
DA:374,0
DA:375,0
DA:376,0
DA:378,0
DA:379,0
DA:380,0
DA:381,0
DA:382,0
DA:385,0
DA:388,0
DA:389,0
DA:390,0
DA:393,0
DA:394,0
DA:395,0
DA:396,0
DA:397,0
DA:398,0
DA:400,0
DA:401,0
DA:402,0
DA:403,0
DA:404,0
DA:405,0
DA:408,0
DA:409,0
DA:410,0
DA:411,0
DA:412,0
DA:415,0
DA:418,0
DA:419,0
DA:420,0
DA:421,0
DA:422,0
DA:423,0
DA:424,0
DA:426,0
DA:427,0
DA:428,0
DA:429,0
DA:430,0
DA:433,0
DA:434,0
DA:435,0
DA:440,0
DA:441,0
DA:442,0
DA:443,0
DA:444,0
DA:453,0
DA:454,0
DA:455,0
DA:457,0
DA:460,0
DA:461,0
DA:462,0
DA:463,0
DA:465,0
DA:467,0
DA:469,0
DA:470,0
DA:472,0
DA:475,0
DA:476,0
DA:477,0
DA:479,0
DA:480,0
DA:481,0
DA:482,0
DA:483,0
DA:485,0
DA:488,0
DA:509,0
DA:510,0
DA:511,0
DA:514,0
DA:517,0
DA:518,0
DA:519,0
DA:521,0
DA:523,0
DA:524,0
DA:525,0
DA:527,0
DA:528,0
DA:530,0
DA:548,0
DA:549,0
DA:550,0
DA:551,0
DA:558,0
DA:563,0
DA:564,0
DA:565,0
DA:566,0
DA:567,0
LF:292
LH:0
end_of_record
SF:lib/features/feature_auth/presentation/onbording/onbording_screen.dart
DA:22,0
DA:23,0
DA:35,0
DA:36,0
DA:37,0
DA:42,0
DA:44,0
DA:45,0
DA:48,0
DA:51,0
DA:52,0
DA:56,0
DA:57,0
DA:58,0
DA:60,0
DA:65,0
DA:66,0
DA:67,0
DA:68,0
DA:70,0
DA:72,0
DA:73,0
DA:74,0
DA:75,0
DA:76,0
DA:77,0
DA:82,0
DA:84,0
DA:85,0
DA:88,0
DA:97,0
DA:99,0
DA:102,0
DA:117,0
DA:118,0
DA:119,0
DA:120,0
DA:121,0
DA:122,0
DA:123,0
DA:125,0
DA:127,0
DA:131,0
DA:132,0
DA:133,0
DA:140,0
DA:143,0
DA:144,0
DA:145,0
DA:147,0
LF:50
LH:0
end_of_record
SF:lib/features/feature_auth/presentation/registration/registration.dart
DA:30,0
DA:31,0
DA:52,0
DA:53,0
DA:54,0
DA:55,0
DA:56,0
DA:57,0
DA:58,0
DA:61,0
DA:63,0
DA:64,0
DA:65,0
DA:66,0
DA:67,0
DA:69,0
DA:73,0
DA:74,0
DA:75,0
DA:76,0
DA:77,0
DA:79,0
DA:80,0
DA:82,0
DA:86,0
DA:87,0
DA:88,0
DA:89,0
DA:90,0
DA:91,0
DA:92,0
DA:93,0
DA:94,0
DA:95,0
DA:96,0
DA:97,0
DA:99,0
DA:100,0
DA:102,0
DA:105,0
DA:106,0
DA:107,0
DA:108,0
DA:109,0
DA:111,0
DA:112,0
DA:117,0
DA:118,0
DA:119,0
DA:120,0
DA:121,0
DA:122,0
DA:123,0
DA:124,0
DA:126,0
DA:127,0
DA:129,0
DA:132,0
DA:133,0
DA:134,0
DA:135,0
DA:136,0
DA:138,0
DA:139,0
DA:169,0
DA:170,0
DA:171,0
DA:172,0
DA:173,0
DA:174,0
DA:175,0
DA:176,0
DA:177,0
DA:178,0
DA:181,0
DA:184,0
DA:185,0
DA:186,0
DA:189,0
DA:190,0
DA:191,0
DA:192,0
DA:193,0
DA:194,0
DA:195,0
DA:196,0
DA:197,0
DA:198,0
DA:201,0
DA:202,0
DA:203,0
DA:204,0
DA:205,0
DA:208,0
DA:211,0
DA:212,0
DA:213,0
DA:214,0
DA:215,0
DA:216,0
DA:217,0
DA:219,0
DA:220,0
DA:221,0
DA:222,0
DA:225,0
DA:226,0
DA:227,0
DA:232,0
DA:233,0
DA:234,0
DA:235,0
DA:236,0
DA:246,0
DA:247,0
DA:248,0
DA:249,0
DA:250,0
DA:251,0
DA:260,0
DA:261,0
DA:262,0
DA:263,0
DA:264,0
DA:265,0
DA:266,0
DA:268,0
DA:269,0
DA:270,0
DA:272,0
DA:273,0
DA:275,0
DA:276,0
DA:283,0
DA:284,0
DA:285,0
DA:286,0
DA:287,0
DA:290,0
DA:291,0
DA:292,0
DA:293,0
DA:294,0
DA:295,0
DA:296,0
DA:297,0
DA:298,0
DA:299,0
DA:300,0
DA:314,0
DA:315,0
DA:316,0
DA:319,0
DA:322,0
DA:323,0
DA:324,0
DA:326,0
DA:328,0
DA:329,0
DA:330,0
DA:332,0
DA:333,0
DA:335,0
DA:347,0
DA:348,0
DA:349,0
DA:350,0
DA:351,0
DA:352,0
DA:353,0
DA:356,0
DA:357,0
DA:358,0
DA:359,0
DA:362,0
DA:365,0
DA:366,0
DA:367,0
DA:368,0
DA:369,0
DA:370,0
DA:372,0
DA:376,0
DA:377,0
DA:378,0
DA:379,0
DA:380,0
DA:382,0
DA:383,0
DA:385,0
DA:389,0
DA:390,0
DA:391,0
DA:392,0
DA:393,0
DA:394,0
DA:395,0
DA:396,0
DA:397,0
DA:398,0
DA:399,0
DA:400,0
DA:401,0
DA:403,0
DA:404,0
DA:406,0
DA:408,0
DA:409,0
DA:410,0
DA:411,0
DA:412,0
DA:414,0
DA:415,0
DA:417,0
DA:418,0
DA:419,0
DA:420,0
DA:421,0
DA:422,0
DA:423,0
DA:424,0
DA:426,0
DA:427,0
DA:429,0
DA:432,0
DA:433,0
DA:434,0
DA:435,0
DA:436,0
DA:438,0
DA:439,0
DA:444,0
DA:445,0
DA:446,0
DA:447,0
DA:448,0
DA:449,0
DA:450,0
DA:451,0
DA:452,0
DA:453,0
DA:454,0
DA:455,0
DA:458,0
DA:461,0
DA:462,0
DA:463,0
DA:466,0
DA:467,0
DA:468,0
DA:469,0
DA:470,0
DA:471,0
DA:472,0
DA:473,0
DA:474,0
DA:475,0
DA:476,0
DA:477,0
DA:480,0
DA:481,0
DA:482,0
DA:483,0
DA:484,0
DA:487,0
DA:490,0
DA:491,0
DA:492,0
DA:493,0
DA:494,0
DA:495,0
DA:496,0
DA:498,0
DA:499,0
DA:500,0
DA:501,0
DA:502,0
DA:505,0
DA:506,0
DA:507,0
DA:512,0
DA:513,0
DA:514,0
DA:515,0
DA:516,0
DA:526,0
DA:527,0
DA:528,0
DA:529,0
DA:530,0
DA:531,0
DA:540,0
DA:541,0
DA:542,0
DA:543,0
DA:544,0
DA:545,0
DA:546,0
DA:548,0
DA:549,0
DA:550,0
DA:552,0
DA:553,0
DA:555,0
DA:556,0
DA:563,0
DA:564,0
DA:565,0
DA:566,0
DA:567,0
DA:570,0
DA:571,0
DA:572,0
DA:573,0
DA:574,0
DA:575,0
DA:576,0
DA:577,0
DA:578,0
DA:579,0
DA:580,0
DA:594,0
DA:595,0
DA:596,0
DA:599,0
DA:602,0
DA:603,0
DA:604,0
DA:606,0
DA:608,0
DA:609,0
DA:610,0
DA:612,0
DA:613,0
DA:615,0
DA:633,0
DA:634,0
DA:635,0
DA:636,0
DA:641,0
DA:645,0
DA:647,0
DA:648,0
DA:649,0
DA:652,0
DA:653,0
DA:654,0
DA:655,0
DA:656,0
DA:657,0
LF:350
LH:0
end_of_record
SF:lib/features/feature_auth/presentation/splash/splashScreen.dart
DA:17,0
DA:18,0
DA:28,0
DA:29,0
DA:32,0
DA:35,0
DA:38,0
DA:41,0
DA:44,0
DA:46,0
DA:50,0
DA:61,0
DA:64,0
DA:65,0
DA:68,0
DA:71,0
DA:72,0
DA:76,0
DA:80,0
DA:81,0
DA:82,0
DA:83,0
DA:85,0
LF:23
LH:0
end_of_record
SF:lib/features/feature_auth/presentation/welcome/welocme.dart
DA:16,0
DA:17,0
DA:21,0
DA:22,0
DA:23,0
DA:24,0
DA:25,0
DA:29,0
DA:32,0
DA:33,0
DA:35,0
DA:36,0
DA:37,0
DA:38,0
DA:39,0
DA:40,0
DA:41,0
DA:44,0
DA:45,0
DA:46,0
DA:47,0
DA:48,0
DA:50,0
DA:53,0
DA:54,0
DA:55,0
DA:56,0
DA:57,0
DA:58,0
DA:59,0
DA:61,0
DA:64,0
DA:65,0
DA:66,0
DA:67,0
DA:70,0
DA:71,0
DA:72,0
DA:73,0
DA:76,0
DA:77,0
DA:78,0
DA:79,0
DA:80,0
DA:81,0
DA:82,0
DA:83,0
DA:84,0
DA:85,0
DA:86,0
DA:87,0
DA:88,0
DA:91,0
DA:92,0
DA:93,0
DA:96,0
DA:97,0
DA:98,0
DA:99,0
DA:100,0
DA:101,0
DA:102,0
DA:103,0
DA:104,0
DA:105,0
DA:106,0
DA:107,0
DA:108,0
DA:114,0
DA:115,0
DA:116,0
DA:119,0
DA:120,0
DA:121,0
DA:122,0
DA:123,0
DA:135,0
DA:136,0
DA:137,0
DA:138,0
DA:139,0
DA:143,0
DA:146,0
DA:147,0
DA:149,0
DA:150,0
DA:151,0
DA:152,0
DA:153,0
DA:154,0
DA:155,0
DA:158,0
DA:159,0
DA:160,0
DA:161,0
DA:162,0
DA:164,0
DA:167,0
DA:168,0
DA:169,0
DA:170,0
DA:171,0
DA:172,0
DA:173,0
DA:175,0
DA:178,0
DA:179,0
DA:180,0
DA:181,0
DA:184,0
DA:185,0
DA:186,0
DA:187,0
DA:190,0
DA:191,0
DA:192,0
DA:193,0
DA:194,0
DA:195,0
DA:196,0
DA:197,0
DA:198,0
DA:199,0
DA:200,0
DA:201,0
DA:202,0
DA:205,0
DA:206,0
DA:207,0
DA:210,0
DA:211,0
DA:212,0
DA:213,0
DA:214,0
DA:215,0
DA:216,0
DA:217,0
DA:218,0
DA:219,0
DA:220,0
DA:221,0
DA:222,0
DA:228,0
DA:229,0
DA:230,0
DA:233,0
DA:234,0
DA:235,0
DA:236,0
DA:237,0
DA:251,0
DA:254,0
DA:255,0
DA:256,0
DA:257,0
DA:258,0
LF:156
LH:0
end_of_record
SF:lib/features/feature_more/more/more.dart
DA:26,0
DA:27,0
DA:28,0
DA:33,0
DA:35,0
DA:36,0
DA:39,0
DA:43,0
DA:46,0
DA:50,0
DA:54,0
DA:57,0
DA:58,0
DA:59,0
DA:60,0
DA:61,0
DA:62,0
DA:63,0
DA:64,0
DA:68,0
DA:69,0
DA:70,0
DA:71,0
DA:72,0
DA:74,0
DA:75,0
DA:76,0
DA:79,0
DA:81,0
DA:82,0
DA:83,0
DA:84,0
DA:85,0
DA:86,0
DA:93,0
DA:94,0
DA:95,0
DA:96,0
DA:97,0
DA:99,0
DA:100,0
DA:101,0
DA:103,0
DA:104,0
DA:105,0
DA:107,0
DA:110,0
DA:111,0
DA:112,0
DA:113,0
DA:114,0
DA:115,0
DA:116,0
DA:117,0
DA:119,0
DA:123,0
DA:124,0
DA:125,0
DA:126,0
DA:127,0
DA:128,0
DA:129,0
DA:131,0
DA:132,0
DA:133,0
DA:142,0
DA:143,0
DA:144,0
DA:145,0
DA:152,0
DA:155,0
DA:156,0
DA:157,0
DA:159,0
DA:160,0
DA:165,0
DA:166,0
DA:167,0
DA:170,0
DA:171,0
DA:177,0
DA:178,0
DA:179,0
DA:180,0
DA:181,0
DA:182,0
DA:185,0
DA:186,0
DA:188,0
DA:189,0
DA:190,0
DA:192,0
DA:194,0
DA:195,0
DA:196,0
DA:198,0
DA:199,0
DA:200,0
DA:202,0
DA:204,0
DA:205,0
DA:206,0
DA:208,0
DA:209,0
DA:210,0
DA:213,0
DA:214,0
DA:217,0
DA:221,0
DA:222,0
DA:223,0
DA:226,0
DA:227,0
DA:228,0
DA:230,0
DA:232,0
DA:233,0
DA:234,0
DA:237,0
DA:238,0
DA:240,0
DA:241,0
DA:242,0
DA:245,0
DA:246,0
DA:247,0
DA:249,0
DA:251,0
DA:252,0
DA:253,0
DA:254,0
DA:257,0
DA:258,0
DA:259,0
DA:261,0
DA:263,0
DA:264,0
DA:265,0
DA:266,0
DA:268,0
DA:269,0
DA:270,0
DA:272,0
DA:285,0
DA:286,0
DA:287,0
DA:288,0
DA:289,0
DA:292,0
DA:293,0
DA:295,0
DA:296,0
DA:297,0
DA:298,0
DA:299,0
DA:302,0
DA:303,0
DA:304,0
DA:306,0
LF:159
LH:0
end_of_record
SF:lib/features/feature_order/domain/entities/entities_order.dart
DA:56,0
DA:89,0
DA:103,0
DA:106,0
DA:108,0
DA:110,0
DA:112,0
DA:114,0
DA:116,0
DA:117,0
DA:119,0
DA:121,0
DA:123,0
DA:125,0
DA:132,0
DA:134,0
DA:135,0
DA:136,0
DA:137,0
DA:139,0
DA:140,0
DA:141,0
DA:142,0
DA:143,0
DA:144,0
DA:145,0
DA:146,0
DA:147,0
DA:148,0
DA:149,0
DA:150,0
DA:151,0
DA:152,0
DA:153,0
DA:154,0
DA:155,0
DA:156,0
DA:157,0
DA:158,0
DA:159,0
DA:160,0
DA:161,0
DA:162,0
DA:163,0
DA:164,0
DA:165,0
DA:166,0
DA:168,0
LF:48
LH:0
end_of_record
SF:lib/features/feature_order/presentation/screen/order_details.dart
DA:27,0
DA:29,0
DA:30,0
DA:34,0
DA:38,0
DA:39,0
DA:40,0
DA:41,0
DA:42,0
DA:43,0
DA:44,0
DA:45,0
DA:48,0
DA:49,0
DA:50,0
DA:53,0
DA:54,0
DA:55,0
DA:56,0
DA:57,0
DA:60,0
DA:61,0
DA:62,0
DA:63,0
DA:64,0
DA:65,0
DA:75,0
DA:76,0
DA:77,0
DA:78,0
DA:81,0
DA:82,0
DA:83,0
DA:84,0
DA:85,0
DA:86,0
DA:87,0
DA:93,0
DA:94,0
DA:95,0
DA:98,0
DA:99,0
DA:100,0
DA:101,0
DA:102,0
DA:103,0
DA:104,0
DA:107,0
DA:108,0
DA:109,0
DA:110,0
DA:111,0
DA:112,0
DA:115,0
DA:116,0
DA:117,0
DA:118,0
DA:119,0
DA:120,0
DA:129,0
DA:130,0
DA:132,0
DA:133,0
DA:134,0
DA:135,0
DA:138,0
DA:141,0
DA:143,0
DA:144,0
DA:146,0
DA:147,0
DA:148,0
DA:149,0
DA:150,0
DA:151,0
DA:152,0
DA:153,0
DA:156,0
DA:157,0
DA:158,0
DA:159,0
DA:160,0
DA:168,0
DA:169,0
DA:170,0
DA:171,0
DA:172,0
DA:182,0
DA:183,0
DA:184,0
DA:185,0
DA:186,0
DA:187,0
DA:188,0
DA:192,0
DA:195,0
DA:196,0
DA:197,0
DA:200,0
DA:202,0
DA:203,0
DA:204,0
DA:205,0
DA:206,0
DA:207,0
DA:211,0
DA:212,0
DA:213,0
DA:214,0
DA:215,0
DA:216,0
DA:222,0
DA:223,0
DA:226,0
DA:228,0
DA:229,0
DA:230,0
DA:231,0
DA:232,0
DA:233,0
DA:237,0
DA:238,0
DA:239,0
DA:240,0
DA:241,0
DA:242,0
DA:248,0
DA:249,0
DA:252,0
DA:254,0
DA:255,0
DA:256,0
DA:257,0
DA:258,0
DA:259,0
DA:263,0
DA:264,0
DA:265,0
DA:266,0
DA:267,0
DA:268,0
DA:274,0
DA:275,0
DA:276,0
DA:278,0
DA:279,0
DA:281,0
DA:282,0
DA:283,0
DA:286,0
DA:288,0
DA:289,0
DA:290,0
DA:291,0
DA:292,0
DA:293,0
DA:297,0
DA:298,0
DA:299,0
DA:300,0
DA:301,0
DA:302,0
DA:312,0
DA:313,0
DA:315,0
DA:316,0
DA:317,0
DA:321,0
DA:322,0
DA:323,0
DA:324,0
DA:325,0
DA:327,0
DA:328,0
DA:329,0
DA:332,0
DA:333,0
DA:334,0
DA:335,0
DA:336,0
DA:337,0
DA:341,0
DA:342,0
DA:343,0
DA:344,0
DA:347,0
DA:348,0
DA:349,0
DA:350,0
DA:351,0
DA:352,0
DA:353,0
DA:354,0
DA:355,0
DA:357,0
DA:358,0
DA:359,0
DA:360,0
DA:361,0
DA:362,0
LF:200
LH:0
end_of_record
SF:lib/features/feature_order/presentation/screen/orders/order_screen.dart
DA:24,0
DA:25,0
DA:34,0
DA:37,0
DA:38,0
DA:39,0
DA:44,0
DA:46,0
DA:47,0
DA:49,0
DA:50,0
DA:51,0
DA:53,0
DA:59,0
DA:60,0
DA:61,0
DA:64,0
DA:69,0
DA:71,0
DA:77,0
DA:78,0
DA:79,0
DA:83,0
DA:91,0
DA:92,0
DA:93,0
DA:96,0
DA:97,0
DA:98,0
DA:99,0
DA:100,0
DA:101,0
DA:103,0
DA:105,0
DA:106,0
DA:107,0
DA:108,0
DA:109,0
DA:111,0
DA:116,0
DA:117,0
DA:118,0
DA:119,0
DA:120,0
DA:123,0
DA:130,0
DA:133,0
DA:134,0
DA:135,0
DA:136,0
DA:137,0
DA:138,0
DA:140,0
DA:141,0
DA:142,0
DA:144,0
LF:56
LH:0
end_of_record
SF:lib/features/feature_payment/presentation/payment.dart
DA:20,0
DA:21,0
DA:28,0
DA:30,0
DA:33,0
DA:34,0
DA:36,0
DA:38,0
DA:39,0
DA:40,0
DA:58,0
DA:60,0
DA:62,0
DA:63,0
DA:67,0
DA:68,0
DA:69,0
DA:70,0
DA:72,0
DA:73,0
DA:74,0
DA:75,0
DA:76,0
DA:77,0
DA:80,0
DA:84,0
DA:85,0
DA:87,0
DA:88,0
DA:95,0
DA:96,0
DA:97,0
DA:98,0
DA:99,0
DA:101,0
DA:102,0
DA:103,0
DA:104,0
DA:105,0
DA:106,0
DA:109,0
DA:113,0
DA:115,0
DA:122,0
DA:123,0
DA:124,0
DA:125,0
DA:126,0
DA:127,0
DA:128,0
DA:130,0
DA:131,0
DA:132,0
DA:133,0
DA:134,0
DA:135,0
DA:138,0
DA:142,0
DA:144,0
DA:151,0
DA:152,0
DA:153,0
DA:154,0
DA:155,0
DA:157,0
DA:158,0
DA:159,0
DA:160,0
DA:161,0
DA:162,0
DA:165,0
DA:169,0
DA:171,0
DA:178,0
DA:179,0
DA:180,0
DA:181,0
DA:182,0
DA:184,0
DA:185,0
DA:186,0
DA:188,0
DA:195,0
DA:196,0
DA:197,0
DA:198,0
DA:199,0
DA:201,0
DA:202,0
DA:203,0
DA:205,0
DA:212,0
DA:213,0
DA:225,0
DA:226,0
DA:227,0
DA:229,0
DA:230,0
DA:231,0
DA:233,0
DA:240,0
DA:241,0
DA:242,0
DA:243,0
DA:244,0
DA:246,0
DA:249,0
DA:252,0
DA:254,0
DA:255,0
DA:256,0
DA:259,0
DA:260,0
DA:262,0
DA:263,0
DA:264,0
DA:265,0
DA:266,0
DA:267,0
DA:269,0
DA:271,0
DA:272,0
DA:273,0
DA:275,0
DA:277,0
DA:278,0
DA:279,0
DA:281,0
DA:283,0
DA:284,0
DA:285,0
DA:287,0
DA:289,0
DA:290,0
DA:291,0
DA:292,0
DA:294,0
DA:296,0
DA:297,0
DA:298,0
DA:299,0
DA:301,0
DA:303,0
DA:304,0
DA:310,0
DA:311,0
LF:146
LH:0
end_of_record
SF:lib/features/feature_payment/presentation/payment_screen.dart
DA:25,0
DA:26,0
DA:27,0
DA:39,0
DA:41,0
DA:42,0
DA:44,0
DA:45,0
DA:47,0
DA:48,0
DA:49,0
DA:51,0
DA:54,0
DA:55,0
DA:57,0
DA:58,0
DA:61,0
DA:62,0
DA:63,0
DA:64,0
DA:65,0
DA:66,0
DA:67,0
DA:70,0
DA:71,0
DA:72,0
DA:73,0
DA:74,0
DA:80,0
DA:83,0
DA:84,0
DA:85,0
DA:86,0
DA:87,0
DA:88,0
DA:89,0
DA:92,0
DA:93,0
DA:94,0
DA:95,0
DA:96,0
DA:99,0
DA:100,0
DA:101,0
DA:102,0
DA:110,0
DA:111,0
DA:112,0
DA:113,0
DA:137,0
DA:138,0
DA:139,0
DA:140,0
DA:141,0
DA:142,0
DA:143,0
DA:144,0
DA:145,0
DA:147,0
DA:148,0
DA:149,0
DA:150,0
DA:151,0
DA:152,0
LF:64
LH:0
end_of_record
SF:lib/features/feature_payment/presentation/payment_sucess.dart
DA:20,0
DA:24,0
DA:27,0
DA:28,0
DA:29,0
DA:31,0
DA:32,0
DA:33,0
DA:35,0
DA:36,0
DA:37,0
DA:38,0
DA:39,0
DA:40,0
DA:41,0
DA:42,0
DA:43,0
DA:44,0
DA:45,0
DA:46,0
DA:47,0
DA:50,0
DA:51,0
DA:52,0
DA:53,0
DA:56,0
DA:57,0
DA:58,0
DA:59,0
DA:60,0
DA:61,0
DA:62,0
DA:63,0
DA:64,0
DA:66,0
DA:67,0
DA:68,0
DA:69,0
DA:70,0
DA:71,0
LF:40
LH:0
end_of_record
SF:lib/features/feature_search/search_screen.dart
DA:24,0
DA:26,0
DA:27,0
DA:33,0
DA:36,0
DA:39,0
DA:41,0
DA:42,0
DA:44,0
DA:45,0
DA:46,0
DA:47,0
DA:48,0
DA:49,0
DA:50,0
DA:51,0
DA:52,0
DA:53,0
DA:54,0
DA:55,0
DA:56,0
DA:58,0
DA:59,0
DA:60,0
DA:63,0
DA:64,0
DA:65,0
DA:66,0
DA:69,0
DA:70,0
DA:71,0
DA:72,0
DA:73,0
DA:74,0
DA:75,0
DA:77,0
DA:78,0
DA:79,0
DA:80,0
DA:81,0
DA:83,0
DA:85,0
DA:86,0
DA:90,0
DA:91,0
DA:92,0
DA:93,0
DA:94,0
DA:95,0
DA:96,0
DA:97,0
DA:98,0
DA:99,0
DA:100,0
DA:106,0
DA:107,0
DA:108,0
DA:109,0
DA:110,0
DA:111,0
DA:112,0
DA:114,0
DA:115,0
DA:116,0
DA:117,0
DA:118,0
DA:119,0
DA:124,0
DA:125,0
DA:126,0
DA:127,0
DA:128,0
DA:130,0
DA:131,0
DA:132,0
DA:133,0
DA:138,0
DA:139,0
DA:140,0
DA:141,0
DA:142,0
DA:144,0
DA:146,0
DA:147,0
DA:152,0
DA:154,0
DA:155,0
DA:157,0
LF:88
LH:0
end_of_record
SF:lib/features/feature_vendor/presentation/store_map/store_map.dart
DA:23,0
DA:24,0
DA:38,0
DA:41,0
DA:42,0
DA:44,0
DA:46,0
DA:51,0
DA:54,0
DA:55,0
DA:57,0
DA:58,0
DA:62,0
DA:65,0
DA:66,0
DA:67,0
DA:68,0
DA:73,0
DA:74,0
DA:75,0
DA:76,0
DA:77,0
DA:78,0
DA:79,0
DA:80,0
DA:82,0
DA:83,0
DA:85,0
DA:86,0
DA:87,0
DA:88,0
DA:89,0
DA:90,0
DA:91,0
DA:92,0
DA:97,0
DA:98,0
DA:99,0
DA:100,0
DA:103,0
DA:105,0
DA:106,0
DA:107,0
DA:113,0
DA:114,0
DA:115,0
DA:116,0
DA:117,0
DA:121,0
DA:122,0
DA:127,0
DA:129,0
DA:130,0
DA:134,0
DA:135,0
DA:136,0
DA:137,0
DA:141,0
DA:142,0
DA:143,0
DA:144,0
DA:147,0
DA:149,0
DA:150,0
DA:159,0
DA:160,0
DA:161,0
DA:163,0
DA:166,0
DA:167,0
DA:168,0
DA:169,0
DA:172,0
DA:173,0
DA:174,0
DA:175,0
DA:177,0
DA:178,0
DA:182,0
DA:183,0
DA:184,0
DA:185,0
DA:188,0
DA:189,0
DA:190,0
DA:191,0
DA:192,0
DA:203,0
DA:205,0
DA:206,0
DA:207,0
DA:210,0
DA:211,0
DA:212,0
DA:213,0
DA:217,0
DA:218,0
DA:219,0
DA:222,0
DA:224,0
DA:225,0
DA:231,0
DA:232,0
DA:234,0
DA:236,0
DA:241,0
DA:242,0
DA:243,0
DA:244,0
DA:245,0
DA:246,0
DA:248,0
DA:249,0
DA:253,0
DA:254,0
DA:256,0
DA:258,0
DA:261,0
DA:287,0
DA:289,0
DA:290,0
DA:291,0
DA:292,0
DA:293,0
DA:294,0
DA:295,0
DA:296,0
DA:297,0
DA:298,0
DA:304,0
DA:310,0
DA:311,0
DA:312,0
DA:314,0
DA:315,0
DA:316,0
DA:317,0
DA:318,0
DA:321,0
DA:325,0
DA:328,0
LF:141
LH:0
end_of_record
SF:lib/features/feature_vendor/presentation/store_screen/store_details/store_details.dart
DA:25,0
DA:27,0
DA:28,0
DA:39,0
DA:42,0
DA:44,0
DA:46,0
DA:50,0
DA:51,0
DA:52,0
DA:53,0
DA:54,0
DA:55,0
DA:56,0
DA:57,0
DA:58,0
DA:59,0
DA:61,0
DA:64,0
DA:65,0
DA:66,0
DA:67,0
DA:68,0
DA:69,0
DA:70,0
DA:71,0
DA:72,0
DA:75,0
DA:77,0
DA:79,0
DA:81,0
DA:82,0
DA:83,0
DA:86,0
DA:87,0
DA:94,0
DA:95,0
DA:96,0
DA:97,0
DA:98,0
DA:99,0
DA:100,0
DA:102,0
DA:104,0
DA:106,0
DA:107,0
DA:108,0
DA:109,0
DA:115,0
DA:124,0
DA:126,0
DA:127,0
DA:128,0
DA:131,0
DA:132,0
DA:133,0
DA:134,0
DA:135,0
DA:139,0
DA:140,0
DA:141,0
DA:142,0
DA:145,0
DA:146,0
DA:147,0
DA:148,0
DA:149,0
DA:150,0
DA:156,0
DA:165,0
DA:166,0
DA:167,0
DA:168,0
DA:171,0
DA:172,0
DA:173,0
DA:174,0
DA:175,0
DA:176,0
DA:177,0
DA:178,0
DA:180,0
DA:183,0
DA:184,0
DA:187,0
DA:188,0
DA:193,0
DA:194,0
DA:195,0
DA:198,0
DA:199,0
DA:200,0
DA:201,0
DA:202,0
DA:203,0
LF:95
LH:0
end_of_record
SF:lib/features/features_home/data/responeses/model_categories.dart
DA:12,0
DA:21,0
DA:22,0
DA:23,0
DA:24,0
DA:25,0
DA:26,0
DA:27,0
DA:28,0
DA:31,0
DA:32,0
DA:33,0
DA:34,0
DA:35,0
DA:36,0
DA:37,0
DA:38,0
DA:39,0
DA:40,0
DA:52,0
DA:54,0
DA:55,0
DA:56,0
DA:57,0
DA:60,0
DA:61,0
DA:62,0
DA:63,0
DA:64,0
LF:29
LH:0
end_of_record
SF:lib/features/features_home/presentation/product_ByCategory/product_ByCategory.dart
DA:30,0
DA:32,0
DA:33,0
DA:41,0
DA:44,0
DA:45,0
DA:46,0
DA:47,0
DA:51,0
DA:53,0
DA:54,0
DA:56,0
DA:57,0
DA:58,0
DA:59,0
DA:60,0
DA:61,0
DA:64,0
DA:65,0
DA:66,0
DA:67,0
DA:70,0
DA:71,0
DA:72,0
DA:73,0
DA:74,0
DA:75,0
DA:76,0
DA:78,0
DA:79,0
DA:80,0
DA:81,0
DA:82,0
DA:83,0
DA:86,0
DA:87,0
DA:88,0
DA:89,0
DA:92,0
DA:97,0
DA:98,0
DA:99,0
DA:100,0
DA:101,0
DA:104,0
DA:110,0
DA:115,0
DA:120,0
DA:121,0
DA:122,0
DA:123,0
DA:124,0
DA:125,0
DA:126,0
DA:127,0
DA:129,0
DA:130,0
DA:131,0
DA:132,0
DA:133,0
DA:135,0
DA:136,0
DA:145,0
DA:148,0
DA:149,0
DA:150,0
DA:151,0
LF:67
LH:0
end_of_record
SF:lib/features/features_home/presentation/product_details/Product_details.dart
DA:38,0
DA:40,0
DA:41,0
DA:50,0
DA:53,0
DA:55,0
DA:58,0
DA:61,0
DA:63,0
DA:65,0
DA:66,0
DA:68,0
DA:80,0
DA:81,0
DA:82,0
DA:83,0
DA:86,0
DA:87,0
DA:92,0
DA:93,0
DA:94,0
DA:96,0
DA:99,0
DA:100,0
DA:108,0
DA:109,0
DA:110,0
DA:112,0
DA:115,0
DA:116,0
DA:124,0
DA:126,0
DA:127,0
DA:128,0
DA:129,0
DA:131,0
DA:132,0
DA:134,0
DA:135,0
DA:136,0
DA:137,0
DA:138,0
DA:150,0
DA:151,0
DA:152,0
DA:153,0
DA:154,0
DA:156,0
DA:157,0
DA:158,0
DA:159,0
DA:160,0
DA:165,0
DA:169,0
DA:170,0
DA:173,0
DA:174,0
DA:175,0
DA:176,0
DA:177,0
DA:182,0
DA:183,0
DA:184,0
DA:185,0
DA:192,0
DA:193,0
DA:194,0
DA:198,0
DA:199,0
DA:202,0
DA:203,0
DA:204,0
DA:205,0
DA:206,0
DA:209,0
DA:210,0
DA:211,0
DA:218,0
DA:219,0
DA:222,0
DA:223,0
DA:225,0
DA:226,0
DA:227,0
DA:228,0
DA:229,0
DA:232,0
DA:234,0
DA:235,0
DA:236,0
DA:237,0
DA:238,0
DA:239,0
DA:240,0
DA:244,0
DA:245,0
DA:248,0
DA:249,0
DA:250,0
DA:263,0
DA:265,0
DA:266,0
DA:267,0
DA:268,0
DA:269,0
DA:270,0
DA:271,0
DA:272,0
DA:273,0
DA:274,0
DA:277,0
DA:281,0
DA:283,0
DA:284,0
DA:286,0
DA:287,0
DA:288,0
DA:291,0
DA:293,0
DA:294,0
DA:296,0
DA:297,0
DA:298,0
DA:310,0
DA:314,0
DA:316,0
DA:317,0
DA:318,0
DA:321,0
DA:323,0
DA:324,0
DA:326,0
DA:327,0
DA:328,0
DA:329,0
DA:332,0
DA:341,0
DA:344,0
DA:345,0
DA:346,0
DA:347,0
DA:349,0
DA:350,0
DA:351,0
DA:352,0
DA:353,0
DA:356,0
DA:357,0
DA:358,0
DA:359,0
DA:360,0
DA:361,0
DA:362,0
DA:363,0
DA:364,0
DA:365,0
DA:366,0
DA:367,0
DA:368,0
DA:370,0
DA:373,0
DA:382,0
DA:383,0
DA:384,0
DA:385,0
DA:386,0
DA:387,0
DA:388,0
DA:389,0
DA:392,0
DA:394,0
DA:396,0
DA:397,0
DA:398,0
DA:399,0
DA:401,0
DA:402,0
DA:403,0
DA:405,0
DA:406,0
DA:410,0
DA:411,0
DA:412,0
DA:413,0
DA:418,0
DA:420,0
DA:421,0
DA:422,0
DA:425,0
DA:426,0
DA:427,0
DA:433,0
DA:434,0
DA:435,0
DA:436,0
DA:437,0
DA:438,0
DA:439,0
DA:440,0
DA:441,0
DA:444,0
DA:450,0
DA:451,0
DA:452,0
DA:453,0
DA:455,0
DA:458,0
DA:459,0
DA:466,0
DA:468,0
DA:469,0
DA:470,0
DA:471,0
DA:479,0
DA:480,0
DA:481,0
DA:482,0
DA:485,0
DA:487,0
DA:488,0
DA:489,0
DA:490,0
DA:491,0
DA:493,0
DA:503,0
LF:225
LH:0
end_of_record
SF:lib/features/features_home/presentation/review_product/commentsProduct_Screen.dart
DA:29,0
DA:31,0
DA:32,0
DA:40,0
DA:43,0
DA:44,0
DA:47,0
DA:51,0
DA:52,0
DA:53,0
DA:54,0
DA:55,0
DA:56,0
DA:57,0
DA:58,0
DA:59,0
DA:60,0
DA:61,0
DA:62,0
DA:63,0
DA:64,0
DA:66,0
DA:68,0
DA:70,0
DA:71,0
DA:73,0
DA:74,0
DA:76,0
DA:77,0
DA:78,0
DA:80,0
DA:81,0
DA:82,0
DA:83,0
DA:84,0
DA:85,0
DA:86,0
DA:89,0
DA:90,0
DA:91,0
DA:92,0
DA:95,0
DA:100,0
DA:101,0
DA:102,0
DA:103,0
DA:106,0
DA:107,0
DA:109,0
DA:112,0
DA:113,0
DA:114,0
DA:115,0
DA:116,0
DA:117,0
DA:119,0
DA:123,0
DA:124,0
DA:125,0
DA:128,0
DA:129,0
DA:130,0
DA:131,0
DA:132,0
DA:136,0
DA:137,0
DA:138,0
DA:139,0
DA:142,0
DA:143,0
DA:144,0
DA:145,0
DA:164,0
LF:73
LH:0
end_of_record
SF:lib/features/features_wishlist/presentation/favorite_screen.dart
DA:17,0
DA:18,0
DA:23,0
DA:26,0
DA:30,0
DA:33,0
DA:34,0
DA:35,0
DA:36,0
DA:37,0
DA:38,0
DA:39,0
DA:40,0
DA:41,0
DA:42,0
DA:43,0
DA:44,0
DA:46,0
DA:47,0
DA:48,0
DA:49,0
DA:50,0
DA:51,0
DA:56,0
DA:57,0
DA:58,0
DA:59,0
DA:60,0
DA:63,0
LF:29
LH:0
end_of_record
SF:lib/features/feature_cart/presentation/cart_screen.dart
DA:28,0
DA:29,0
DA:30,0
DA:36,0
DA:39,0
DA:42,0
DA:44,0
DA:46,0
DA:48,0
DA:51,0
DA:53,0
DA:54,0
DA:55,0
DA:57,0
DA:60,0
DA:61,0
DA:71,0
DA:74,0
DA:76,0
DA:80,0
DA:82,0
DA:83,0
DA:86,0
DA:90,0
DA:92,0
DA:97,0
DA:98,0
DA:99,0
DA:105,0
DA:107,0
DA:114,0
DA:116,0
DA:117,0
DA:119,0
DA:120,0
DA:122,0
DA:123,0
DA:124,0
DA:125,0
DA:126,0
DA:127,0
DA:128,0
DA:129,0
DA:130,0
DA:131,0
DA:132,0
DA:133,0
DA:134,0
DA:136,0
DA:137,0
DA:138,0
DA:141,0
DA:143,0
DA:144,0
DA:145,0
DA:146,0
DA:147,0
DA:148,0
DA:154,0
DA:155,0
DA:156,0
DA:157,0
DA:158,0
DA:159,0
DA:160,0
DA:161,0
DA:162,0
DA:167,0
DA:168,0
DA:169,0
DA:170,0
DA:171,0
DA:174,0
DA:179,0
DA:180,0
DA:181,0
DA:182,0
DA:183,0
DA:184,0
DA:185,0
DA:186,0
DA:189,0
DA:190,0
DA:191,0
DA:192,0
DA:193,0
DA:196,0
DA:197,0
DA:198,0
DA:199,0
DA:208,0
DA:209,0
DA:210,0
DA:211,0
DA:212,0
DA:213,0
DA:214,0
DA:219,0
DA:223,0
DA:224,0
DA:225,0
DA:226,0
DA:227,0
DA:228,0
DA:229,0
DA:230,0
DA:231,0
DA:233,0
DA:234,0
DA:235,0
DA:236,0
DA:237,0
DA:238,0
DA:243,0
DA:244,0
DA:245,0
DA:246,0
DA:250,0
DA:251,0
DA:252,0
DA:253,0
DA:254,0
DA:255,0
DA:256,0
DA:257,0
DA:258,0
DA:260,0
DA:261,0
DA:262,0
DA:263,0
DA:264,0
DA:265,0
DA:275,0
DA:276,0
DA:278,0
DA:279,0
LF:136
LH:0
end_of_record
SF:lib/features/feature_auth/data/request/login/login_model.dart
DA:12,0
DA:16,0
DA:17,0
LF:3
LH:0
end_of_record
SF:lib/features/feature_auth/data/request/login/login_model.g.dart
DA:9,0
DA:10,0
DA:11,0
DA:12,0
DA:15,0
DA:16,0
DA:17,0
DA:18,0
LF:8
LH:0
end_of_record
SF:lib/features/feature_auth/data/request/register/request_register_model.dart
DA:15,0
DA:26,0
DA:27,0
DA:28,0
DA:29,0
DA:30,0
DA:31,0
DA:32,0
DA:33,0
DA:34,0
DA:35,0
DA:38,0
DA:39,0
DA:40,0
DA:41,0
DA:42,0
DA:43,0
DA:44,0
DA:45,0
DA:46,0
DA:47,0
DA:48,0
LF:22
LH:0
end_of_record
SF:lib/features/feature_auth/data/responeses/login/login_model_response.dart
DA:9,0
DA:11,0
DA:12,0
DA:13,0
DA:14,0
DA:17,0
DA:18,0
DA:19,0
DA:20,0
DA:21,0
DA:22,0
DA:45,0
DA:62,0
DA:63,0
DA:64,0
DA:65,0
DA:66,0
DA:67,0
DA:68,0
DA:69,0
DA:70,0
DA:71,0
DA:72,0
DA:73,0
DA:74,0
DA:75,0
DA:77,0
DA:78,0
DA:79,0
DA:82,0
DA:83,0
DA:84,0
DA:85,0
DA:86,0
DA:87,0
DA:88,0
DA:89,0
DA:90,0
DA:91,0
DA:92,0
DA:93,0
DA:94,0
DA:95,0
DA:96,0
DA:98,0
DA:99,0
DA:100,0
DA:108,0
DA:110,0
DA:111,0
DA:114,0
DA:115,0
DA:116,0
LF:53
LH:0
end_of_record
SF:lib/features/feature_auth/data/responeses/profile_response.dart
DA:7,0
DA:9,0
DA:10,0
DA:13,0
DA:14,0
DA:15,0
DA:16,0
DA:43,0
DA:63,0
DA:64,0
DA:65,0
DA:66,0
DA:67,0
DA:68,0
DA:69,0
DA:70,0
DA:71,0
DA:72,0
DA:73,0
DA:74,0
DA:75,0
DA:76,0
DA:78,0
DA:79,0
DA:80,0
DA:82,0
DA:83,0
DA:84,0
DA:85,0
DA:86,0
DA:89,0
DA:90,0
DA:91,0
DA:92,0
DA:93,0
DA:94,0
DA:95,0
DA:96,0
DA:97,0
DA:98,0
DA:99,0
DA:100,0
DA:101,0
DA:102,0
DA:103,0
DA:105,0
DA:106,0
DA:107,0
DA:109,0
DA:110,0
DA:112,0
DA:113,0
DA:114,0
DA:122,0
DA:124,0
DA:125,0
DA:128,0
DA:129,0
DA:130,0
DA:148,0
DA:161,0
DA:162,0
DA:163,0
DA:164,0
DA:165,0
DA:166,0
DA:167,0
DA:168,0
DA:169,0
DA:170,0
DA:171,0
DA:172,0
DA:175,0
DA:176,0
DA:177,0
DA:178,0
DA:179,0
DA:180,0
DA:181,0
DA:182,0
DA:183,0
DA:184,0
DA:185,0
DA:186,0
DA:187,0
LF:85
LH:0
end_of_record
SF:lib/features/feature_auth/data/responeses/sign_up/signـup.dart
DA:18,0
DA:20,0
DA:21,0
DA:41,0
DA:45,0
DA:47,0
LF:6
LH:0
end_of_record
SF:lib/features/feature_auth/data/responeses/sign_up/signـup.g.dart
DA:9,0
DA:11,0
DA:12,0
DA:13,0
DA:14,0
DA:16,0
DA:17,0
DA:20,0
DA:22,0
DA:23,0
DA:24,0
DA:25,0
DA:28,0
DA:29,0
DA:30,0
DA:31,0
DA:32,0
DA:33,0
DA:34,0
DA:35,0
DA:38,0
DA:39,0
DA:40,0
DA:41,0
DA:42,0
DA:43,0
DA:44,0
DA:45,0
LF:28
LH:0
end_of_record
SF:lib/features/feature_auth/domain/entities/register_model.dart
DA:9,0
DA:20,0
LF:2
LH:0
end_of_record
SF:lib/features/feature_auth/presentation/login/AuthState.dart
DA:14,0
DA:20,0
LF:2
LH:0
end_of_record
SF:lib/generated/l10n.dart
DA:16,0
DA:20,0
DA:21,0
DA:28,0
DA:29,0
DA:30,0
DA:31,0
DA:32,0
DA:33,0
DA:34,0
DA:35,0
DA:42,0
DA:43,0
DA:44,0
DA:49,0
DA:50,0
DA:55,1
DA:57,0
DA:63,0
DA:64,0
DA:65,0
DA:66,0
DA:67,0
DA:70,0
DA:71,0
DA:72,0
LF:26
LH:1
end_of_record
SF:lib/features/feature_auth/presentation/onbording/onbordin_viewmodel.dart
DA:18,0
DA:21,0
DA:24,0
DA:27,0
DA:29,0
DA:32,0
DA:36,0
DA:37,0
DA:38,0
DA:41,0
DA:45,0
DA:49,0
DA:50,0
DA:51,0
DA:54,0
DA:57,0
DA:61,0
DA:62,0
DA:65,0
DA:67,0
DA:69,0
DA:71,0
DA:74,0
DA:75,0
DA:76,0
DA:77,0
DA:80,0
DA:81,0
DA:108,0
DA:116,0
LF:30
LH:0
end_of_record
SF:lib/features/feature_auth/presentation/onbording/onbording_page.dart
DA:18,0
DA:20,0
DA:22,0
DA:24,0
DA:27,0
DA:28,0
DA:30,0
DA:32,0
DA:33,0
DA:37,0
DA:38,0
DA:39,0
DA:40,0
DA:41,0
DA:42,0
DA:43,0
DA:44,0
DA:46,0
DA:49,0
DA:50,0
DA:51,0
DA:52,0
DA:54,0
DA:67,0
DA:71,0
DA:72,0
DA:73,0
DA:74,0
DA:75,0
LF:29
LH:0
end_of_record
SF:lib/features/feature_vendor/presentation/vendor_main.dart
DA:17,0
DA:18,0
DA:19,0
DA:29,0
DA:31,0
DA:32,0
DA:33,0
DA:34,0
DA:38,0
DA:40,0
DA:41,0
DA:44,0
DA:47,0
DA:48,0
DA:49,0
DA:50,0
DA:51,0
DA:52,0
DA:53,0
DA:56,0
DA:57,0
DA:58,0
DA:59,0
DA:62,0
DA:63,0
DA:64,0
DA:66,0
DA:68,0
DA:69,0
DA:70,0
DA:71,0
DA:73,0
DA:74,0
DA:75,0
DA:79,0
DA:81,0
DA:83,0
DA:85,0
DA:86,0
DA:87,0
DA:88,0
DA:91,0
DA:98,0
DA:100,0
DA:101,0
DA:102,0
DA:107,0
DA:108,0
DA:109,0
DA:111,0
DA:112,0
DA:113,0
DA:114,0
DA:116,0
DA:117,0
DA:125,0
DA:126,0
DA:128,0
DA:129,0
DA:130,0
DA:131,0
DA:132,0
DA:134,0
DA:135,0
DA:136,0
LF:65
LH:0
end_of_record
SF:lib/features/feature_vendor/presentation/store_screen/stores/vendor_screen.dart
DA:21,0
DA:22,0
DA:32,0
DA:35,0
DA:36,0
DA:37,0
DA:39,0
DA:42,0
DA:46,0
DA:47,0
DA:48,0
DA:50,0
DA:52,0
DA:55,0
DA:57,0
DA:62,0
DA:63,0
DA:64,0
DA:67,0
DA:68,0
DA:69,0
DA:70,0
DA:71,0
DA:72,0
DA:75,0
DA:76,0
DA:77,0
DA:78,0
DA:81,0
DA:86,0
DA:87,0
DA:88,0
DA:89,0
DA:90,0
DA:93,0
DA:100,0
DA:103,0
DA:104,0
DA:105,0
DA:106,0
DA:107,0
DA:108,0
DA:110,0
DA:111,0
DA:112,0
DA:113,0
DA:114,0
DA:116,0
DA:117,0
DA:118,0
DA:119,0
DA:124,0
LF:52
LH:0
end_of_record
SF:lib/features/features_home/presentation/home_screen.dart
DA:27,0
DA:29,0
DA:30,0
DA:41,0
DA:45,0
DA:48,0
DA:50,0
DA:51,0
DA:52,0
DA:53,0
DA:54,0
DA:55,0
DA:56,0
DA:58,0
DA:62,0
DA:67,0
DA:69,0
DA:70,0
DA:72,0
DA:73,0
DA:74,0
DA:75,0
DA:76,0
DA:78,0
DA:80,0
DA:81,0
DA:82,0
DA:83,0
DA:85,0
DA:86,0
DA:87,0
DA:88,0
DA:89,0
DA:94,0
DA:95,0
DA:96,0
DA:97,0
DA:98,0
DA:101,0
DA:102,0
DA:103,0
DA:111,0
DA:117,0
DA:119,0
DA:120,0
DA:121,0
DA:122,0
DA:123,0
DA:124,0
DA:125,0
DA:127,0
DA:128,0
DA:129,0
DA:130,0
DA:131,0
DA:136,0
DA:137,0
DA:138,0
DA:139,0
DA:140,0
DA:142,0
DA:145,0
DA:155,0
DA:157,0
DA:165,0
DA:166,0
DA:167,0
DA:168,0
DA:169,0
DA:170,0
DA:171,0
DA:172,0
DA:174,0
DA:175,0
DA:177,0
DA:178,0
DA:180,0
DA:181,0
DA:182,0
DA:187,0
DA:188,0
DA:189,0
DA:190,0
DA:191,0
DA:192,0
DA:193,0
DA:194,0
DA:195,0
DA:196,0
DA:197,0
DA:200,0
DA:201,0
DA:202,0
DA:205,0
DA:206,0
DA:207,0
DA:208,0
DA:209,0
DA:212,0
DA:213,0
DA:214,0
DA:215,0
DA:221,0
DA:222,0
DA:223,0
DA:226,0
DA:227,0
DA:243,0
DA:244,0
DA:245,0
DA:246,0
DA:247,0
DA:248,0
DA:250,0
DA:251,0
DA:252,0
DA:253,0
DA:254,0
DA:255,0
DA:256,0
DA:259,0
DA:260,0
DA:261,0
DA:262,0
DA:263,0
DA:266,0
DA:267,0
DA:268,0
DA:269,0
DA:275,0
DA:276,0
DA:285,0
DA:289,0
DA:290,0
DA:291,0
DA:292,0
LF:136
LH:0
end_of_record
SF:lib/features/feature_cart/domain/entities/cart_entities.g.dart
DA:13,0
DA:15,0
DA:16,0
DA:17,0
DA:19,0
DA:20,0
DA:21,0
DA:25,0
DA:28,0
DA:29,0
DA:30,0
DA:31,0
DA:32,0
DA:35,0
DA:36,0
DA:38,0
DA:41,0
DA:42,0
DA:43,0
LF:19
LH:0
end_of_record
SF:lib/features/feature_cart/domain/entities/cart_entities.dart
DA:18,0
LF:1
LH:0
end_of_record
SF:lib/features/feature_cart/presentation/cart_card.dart
DA:26,0
DA:28,0
DA:29,0
DA:31,0
DA:34,0
DA:35,0
DA:36,0
DA:37,0
DA:38,0
DA:39,0
DA:42,0
DA:44,0
DA:45,0
DA:46,0
DA:47,0
DA:48,0
DA:49,0
DA:50,0
DA:51,0
DA:56,0
DA:57,0
DA:60,0
DA:61,0
DA:62,0
DA:63,0
DA:78,0
DA:81,0
DA:82,0
DA:83,0
DA:84,0
DA:85,0
DA:87,0
DA:88,0
DA:92,0
DA:93,0
DA:94,0
DA:96,0
DA:99,0
DA:100,0
DA:101,0
DA:102,0
DA:103,0
DA:104,0
DA:105,0
DA:106,0
DA:111,0
DA:112,0
DA:113,0
DA:116,0
DA:117,0
DA:118,0
DA:119,0
DA:120,0
DA:124,0
DA:125,0
DA:126,0
DA:128,0
DA:130,0
DA:134,0
DA:135,0
DA:136,0
DA:137,0
DA:140,0
DA:141,0
DA:143,0
DA:144,0
DA:145,0
DA:146,0
DA:147,0
DA:148,0
DA:152,0
DA:154,0
DA:155,0
DA:156,0
DA:170,0
DA:171,0
DA:172,0
DA:173,0
DA:186,0
DA:189,0
DA:190,0
DA:191,0
DA:194,0
DA:195,0
DA:196,0
DA:197,0
DA:198,0
DA:199,0
DA:202,0
LF:89
LH:0
end_of_record
SF:lib/features/feature_more/currency/currency_widget.dart
DA:16,0
DA:18,0
DA:21,0
DA:24,0
DA:25,0
DA:26,0
DA:27,0
DA:28,0
DA:29,0
DA:32,0
DA:33,0
DA:34,0
DA:35,0
DA:36,0
DA:37,0
DA:40,0
DA:41,0
DA:42,0
LF:18
LH:0
end_of_record
SF:lib/features/feature_more/langouage/langouage_widget.dart
DA:16,0
DA:18,0
DA:21,0
DA:23,0
DA:24,0
DA:25,0
DA:26,0
DA:27,0
DA:28,0
DA:31,0
DA:32,0
DA:33,0
DA:34,0
DA:36,0
DA:38,0
DA:39,0
DA:40,0
DA:41,0
DA:42,0
DA:47,0
DA:48,0
DA:49,0
LF:22
LH:0
end_of_record
SF:lib/features/feature_more/more/widget_item_more.dart
DA:17,0
DA:20,0
DA:24,0
DA:25,0
DA:26,0
DA:28,0
DA:29,0
DA:30,0
DA:31,0
DA:32,0
DA:33,0
DA:34,0
DA:35,0
DA:38,0
DA:39,0
DA:40,0
DA:43,0
DA:45,0
DA:46,0
DA:47,0
DA:48,0
DA:50,0
DA:51,0
DA:52,0
DA:53,0
DA:54,0
DA:60,0
DA:61,0
DA:62,0
DA:64,0
DA:65,0
LF:31
LH:0
end_of_record
SF:lib/features/feature_order/data/responeses/model_Order.dart
DA:31,0
DA:33,0
DA:34,0
DA:39,0
DA:61,0
DA:62,0
DA:63,0
DA:64,0
DA:68,0
DA:69,0
DA:70,0
DA:71,0
DA:73,0
DA:74,0
DA:75,0
DA:77,0
DA:78,0
DA:79,0
DA:80,0
DA:81,0
DA:82,0
DA:83,0
DA:84,0
DA:85,0
DA:86,0
DA:87,0
DA:88,0
DA:89,0
DA:92,0
DA:93,0
DA:97,0
DA:98,0
DA:99,0
DA:100,0
DA:101,0
DA:102,0
DA:103,0
DA:104,0
DA:105,0
DA:106,0
DA:108,0
DA:109,0
DA:110,0
DA:111,0
DA:112,0
DA:114,0
DA:115,0
DA:117,0
DA:136,0
DA:149,0
DA:150,0
DA:151,0
DA:152,0
DA:153,0
DA:154,0
DA:155,0
DA:156,0
DA:157,0
DA:158,0
DA:159,0
DA:160,0
DA:163,0
DA:164,0
DA:165,0
DA:166,0
DA:167,0
DA:168,0
DA:169,0
DA:170,0
DA:171,0
DA:172,0
DA:173,0
DA:174,0
DA:175,0
DA:186,0
DA:188,0
DA:189,0
DA:190,0
DA:191,0
DA:194,0
DA:195,0
DA:196,0
DA:197,0
DA:198,0
DA:222,0
DA:241,0
DA:242,0
DA:243,0
DA:244,0
DA:245,0
DA:246,0
DA:247,0
DA:248,0
DA:249,0
DA:250,0
DA:251,0
DA:252,0
DA:260,0
DA:261,0
DA:262,0
DA:263,0
DA:264,0
DA:265,0
DA:269,0
DA:270,0
DA:271,0
DA:272,0
DA:273,0
DA:274,0
DA:275,0
DA:276,0
DA:277,0
DA:278,0
DA:279,0
DA:280,0
DA:281,0
DA:286,0
DA:287,0
DA:288,0
DA:289,0
DA:291,0
DA:292,0
DA:293,0
DA:331,0
DA:333,0
DA:334,0
DA:335,0
DA:338,0
DA:339,0
DA:340,0
DA:341,0
DA:372,0
DA:397,0
DA:398,0
DA:399,0
DA:400,0
DA:401,0
DA:402,0
DA:403,0
DA:404,0
DA:405,0
DA:406,0
DA:407,0
DA:408,0
DA:409,0
DA:410,0
DA:411,0
DA:412,0
DA:413,0
DA:414,0
DA:415,0
DA:416,0
DA:417,0
DA:420,0
DA:421,0
DA:422,0
DA:423,0
DA:424,0
DA:425,0
DA:430,0
DA:431,0
DA:432,0
DA:433,0
DA:434,0
DA:435,0
DA:436,0
DA:437,0
DA:438,0
DA:439,0
DA:440,0
DA:441,0
DA:442,0
DA:443,0
DA:444,0
DA:446,0
DA:447,0
DA:448,0
DA:449,0
DA:450,0
DA:452,0
DA:453,0
DA:454,0
DA:455,0
DA:457,0
DA:458,0
DA:459,0
DA:461,0
LF:187
LH:0
end_of_record
SF:lib/features/feature_vendor/data/responeses/modelVendor_reviews.dart
DA:12,0
DA:23,0
DA:24,0
DA:25,0
DA:26,0
DA:27,0
DA:28,0
DA:29,0
DA:30,0
DA:33,0
DA:37,0
DA:38,0
DA:39,0
DA:40,0
DA:41,0
DA:42,0
DA:43,0
DA:44,0
DA:45,0
DA:47,0
DA:59,0
DA:62,0
DA:63,0
DA:64,0
DA:65,0
DA:66,0
DA:67,0
DA:70,0
DA:71,0
DA:72,0
DA:73,0
DA:74,0
DA:75,0
DA:76,0
LF:34
LH:0
end_of_record
SF:lib/features/feature_order/data/mapper/mapper_order.dart
DA:24,0
DA:25,0
DA:26,0
DA:27,0
DA:28,0
DA:29,0
DA:30,0
DA:36,0
DA:39,0
DA:40,0
DA:41,0
DA:42,0
DA:43,0
DA:44,0
DA:45,0
DA:46,0
DA:47,0
DA:48,0
DA:49,0
DA:54,0
DA:55,0
DA:57,0
DA:59,0
DA:60,0
DA:61,0
DA:62,0
DA:63,0
DA:67,0
DA:68,0
DA:69,0
DA:70,0
DA:76,0
DA:77,0
DA:79,0
DA:80,0
DA:82,0
DA:84,0
DA:86,0
DA:88,0
DA:90,0
DA:92,0
DA:94,0
DA:95,0
DA:96,0
DA:98,0
DA:100,0
DA:103,0
DA:104,0
DA:105,0
LF:49
LH:0
end_of_record
SF:lib/features/feature_order/presentation/widget/traking_widget.dart
DA:25,0
DA:31,0
DA:32,0
DA:33,0
DA:65,0
DA:67,0
DA:70,0
DA:71,0
DA:73,0
DA:76,0
DA:77,0
DA:78,0
DA:79,0
DA:80,0
DA:81,0
DA:84,0
DA:85,0
DA:91,0
DA:93,0
DA:94,0
DA:97,0
DA:106,0
DA:107,0
DA:109,0
DA:111,0
DA:112,0
DA:119,0
DA:120,0
DA:122,0
DA:123,0
DA:126,0
DA:128,0
DA:129,0
DA:130,0
DA:131,0
DA:132,0
DA:144,0
DA:148,0
DA:149,0
DA:150,0
DA:151,0
DA:153,0
DA:156,0
DA:157,0
DA:159,0
DA:161,0
DA:166,0
DA:174,0
DA:175,0
DA:178,0
DA:180,0
DA:188,0
DA:191,0
DA:192,0
DA:196,0
DA:198,0
DA:205,0
DA:206,0
DA:207,0
DA:208,0
DA:209,0
DA:213,0
DA:214,0
DA:216,0
DA:219,0
DA:221,0
DA:223,0
DA:225,0
DA:227,0
DA:229,0
DA:231,0
DA:233,0
DA:235,0
DA:237,0
DA:240,0
DA:242,0
DA:245,0
DA:247,0
DA:251,0
DA:254,0
DA:255,0
DA:258,0
DA:259,0
DA:260,0
DA:261,0
DA:262,0
DA:263,0
DA:264,0
DA:265,0
DA:272,0
DA:274,0
DA:275,0
DA:276,0
DA:277,0
DA:278,0
DA:279,0
DA:280,0
DA:281,0
DA:282,0
DA:283,0
DA:284,0
DA:285,0
DA:286,0
DA:287,0
DA:293,0
DA:295,0
DA:296,0
DA:297,0
DA:298,0
DA:299,0
DA:300,0
DA:301,0
DA:302,0
DA:303,0
DA:304,0
DA:305,0
DA:306,0
DA:307,0
DA:308,0
LF:119
LH:0
end_of_record
SF:lib/features/feature_order/presentation/widget/order_item.dart
DA:21,0
DA:23,0
DA:25,0
DA:26,0
DA:28,0
DA:29,0
DA:30,0
DA:31,0
DA:32,0
DA:33,0
DA:34,0
DA:35,0
DA:36,0
DA:41,0
DA:42,0
DA:43,0
DA:44,0
DA:46,0
DA:47,0
DA:48,0
DA:50,0
DA:51,0
DA:52,0
DA:53,0
DA:54,0
DA:55,0
DA:56,0
DA:58,0
DA:60,0
DA:63,0
DA:64,0
DA:65,0
DA:66,0
DA:67,0
DA:68,0
DA:69,0
DA:72,0
DA:74,0
DA:76,0
DA:77,0
DA:78,0
DA:79,0
DA:80,0
DA:83,0
DA:84,0
DA:90,0
DA:93,0
DA:95,0
DA:96,0
DA:97,0
DA:98,0
DA:100,0
DA:101,0
DA:104,0
DA:105,0
DA:112,0
DA:113,0
DA:114,0
DA:115,0
DA:118,0
DA:120,0
DA:121,0
DA:122,0
DA:124,0
DA:128,0
DA:130,0
DA:131,0
DA:132,0
DA:133,0
DA:139,0
DA:140,0
DA:141,0
DA:142,0
DA:143,0
DA:144,0
DA:145,0
DA:146,0
DA:147,0
DA:148,0
DA:149,0
DA:150,0
DA:151,0
DA:152,0
DA:153,0
DA:154,0
DA:158,0
DA:159,0
DA:160,0
DA:161,0
DA:162,0
DA:163,0
DA:164,0
DA:165,0
DA:166,0
DA:167,0
DA:168,0
DA:169,0
DA:174,0
DA:182,0
DA:184,0
DA:186,0
DA:188,0
DA:189,0
DA:194,0
DA:196,0
DA:197,0
DA:198,0
DA:199,0
DA:206,0
DA:208,0
DA:209,0
DA:210,0
DA:211,0
DA:212,0
DA:213,0
DA:214,0
DA:217,0
DA:218,0
DA:220,0
DA:222,0
DA:223,0
DA:225,0
DA:228,0
DA:229,0
DA:230,0
DA:232,0
DA:233,0
DA:234,0
DA:235,0
DA:236,0
DA:237,0
DA:238,0
DA:256,0
DA:257,0
DA:259,0
DA:260,0
DA:261,0
DA:262,0
DA:263,0
DA:264,0
DA:265,0
DA:266,0
DA:267,0
DA:268,0
DA:269,0
DA:270,0
DA:271,0
DA:272,0
DA:273,0
DA:274,0
DA:280,0
DA:283,0
DA:284,0
DA:286,0
DA:289,0
DA:291,0
DA:294,0
DA:296,0
DA:301,0
DA:302,0
DA:305,0
DA:306,0
DA:307,0
DA:309,0
DA:310,0
DA:311,0
DA:312,0
DA:313,0
DA:314,0
DA:315,0
DA:316,0
DA:317,0
DA:318,0
DA:319,0
DA:320,0
DA:323,0
DA:326,0
DA:327,0
DA:328,0
DA:329,0
LF:180
LH:0
end_of_record
SF:lib/features/feature_payment/data/responeses/model_payment_intent.dart
DA:17,0
DA:30,0
DA:31,0
DA:32,0
DA:33,0
DA:34,0
DA:35,0
DA:36,0
DA:37,0
DA:38,0
DA:39,0
DA:40,0
DA:41,0
DA:46,0
DA:47,0
DA:48,0
DA:49,0
DA:50,0
DA:51,0
DA:53,0
DA:54,0
DA:55,0
DA:56,0
DA:57,0
DA:58,0
DA:59,0
LF:26
LH:0
end_of_record
SF:lib/features/features_home/data/responeses/model_review.dart
DA:19,0
DA:20,0
DA:26,0
DA:28,0
DA:45,0
DA:46,0
DA:47,0
DA:48,0
DA:49,0
DA:50,0
DA:51,0
DA:52,0
DA:53,0
DA:54,0
DA:55,0
DA:56,0
DA:57,0
DA:64,0
DA:65,0
DA:66,0
DA:67,0
DA:68,0
DA:69,0
DA:70,0
DA:71,0
DA:72,0
DA:73,0
DA:74,0
DA:75,0
DA:76,0
DA:77,0
DA:166,0
DA:168,0
DA:169,0
DA:172,0
DA:173,0
DA:174,0
DA:183,0
DA:185,0
DA:186,0
DA:187,0
DA:190,0
DA:191,0
DA:192,0
DA:193,0
LF:45
LH:0
end_of_record
SF:lib/features/features_home/data/responeses/model_slider.dart
DA:9,0
DA:11,0
DA:12,0
DA:13,0
DA:14,0
DA:18,0
DA:19,0
DA:20,0
DA:21,0
DA:22,0
DA:33,0
DA:35,0
DA:36,0
DA:37,0
DA:40,0
DA:41,0
DA:42,0
DA:43,0
LF:18
LH:0
end_of_record
SF:lib/features/features_home/presentation/widget/productByCategory_card.dart
DA:22,0
DA:24,0
DA:27,0
DA:28,0
DA:29,0
DA:30,0
DA:31,0
DA:33,0
DA:34,0
DA:38,0
DA:39,0
DA:42,0
DA:43,0
DA:44,0
DA:45,0
DA:46,0
DA:47,0
DA:48,0
DA:49,0
DA:54,0
DA:55,0
DA:56,0
DA:59,0
DA:60,0
DA:61,0
DA:62,0
DA:63,0
DA:68,0
DA:69,0
DA:70,0
DA:72,0
DA:74,0
DA:78,0
DA:79,0
DA:80,0
DA:83,0
DA:84,0
DA:86,0
DA:87,0
DA:88,0
DA:89,0
DA:90,0
DA:91,0
DA:95,0
DA:97,0
DA:98,0
DA:99,0
DA:112,0
DA:113,0
DA:114,0
DA:115,0
DA:120,0
DA:121,0
DA:122,0
DA:123,0
LF:55
LH:0
end_of_record
SF:lib/features/feature_vendor/presentation/categories/categories_screen.dart
DA:22,0
DA:23,0
DA:30,0
DA:32,0
DA:33,0
DA:34,0
DA:35,0
DA:36,0
DA:37,0
DA:39,0
DA:40,0
DA:41,0
DA:42,0
DA:47,0
DA:48,0
DA:49,0
DA:50,0
DA:51,0
DA:53,0
DA:55,0
DA:56,0
DA:57,0
DA:65,0
DA:67,0
DA:75,0
DA:76,0
DA:77,0
DA:78,0
DA:79,0
DA:80,0
DA:82,0
DA:83,0
DA:84,0
DA:91,0
DA:94,0
DA:95,0
DA:96,0
DA:97,0
LF:38
LH:0
end_of_record
SF:lib/features/feature_vendor/presentation/widget/caregorie.dart
DA:24,0
DA:26,0
DA:30,0
DA:32,0
DA:33,0
DA:34,0
DA:35,0
DA:36,0
DA:37,0
DA:38,0
DA:39,0
DA:40,0
DA:41,0
DA:42,0
DA:48,0
DA:51,0
DA:56,0
DA:58,0
DA:59,0
DA:60,0
DA:66,0
DA:68,0
LF:22
LH:0
end_of_record
SF:lib/features/feature_vendor/presentation/widget/listLoadinStores.dart
DA:7,0
DA:10,0
DA:11,0
DA:12,0
DA:13,0
DA:17,0
DA:19,0
DA:20,0
DA:21,0
DA:24,0
DA:25,0
DA:26,0
DA:29,0
DA:30,0
DA:31,0
LF:15
LH:0
end_of_record
SF:lib/features/features_home/presentation/widget/widget_categories.dart
DA:22,0
DA:24,0
DA:28,0
DA:30,0
DA:31,0
DA:33,0
DA:36,0
DA:37,0
DA:38,0
DA:39,0
DA:40,0
DA:41,0
DA:42,0
DA:43,0
DA:47,0
DA:73,0
DA:75,0
DA:76,0
DA:79,0
LF:19
LH:0
end_of_record
SF:lib/features/features_home/presentation/widget/widget_categoriesLoading.dart
DA:21,0
DA:23,0
DA:26,0
DA:27,0
DA:28,0
DA:29,0
DA:34,0
DA:35,0
DA:37,0
DA:38,0
DA:41,0
DA:42,0
DA:43,0
LF:13
LH:0
end_of_record
SF:lib/features/feature_vendor/presentation/widget/widget_Store.dart
DA:24,0
DA:26,0
DA:29,0
DA:30,0
DA:32,0
DA:33,0
DA:34,0
DA:36,0
DA:37,0
DA:41,0
DA:42,0
DA:45,0
DA:46,0
DA:47,0
DA:48,0
DA:49,0
DA:51,0
DA:53,0
DA:60,0
DA:61,0
DA:67,0
DA:76,0
DA:78,0
DA:79,0
DA:82,0
DA:83,0
DA:84,0
DA:85,0
DA:86,0
DA:91,0
DA:92,0
DA:93,0
DA:94,0
DA:96,0
DA:101,0
DA:102,0
DA:105,0
DA:108,0
DA:109,0
DA:110,0
DA:111,0
DA:112,0
DA:113,0
DA:114,0
DA:118,0
DA:120,0
DA:121,0
DA:122,0
LF:48
LH:0
end_of_record
SF:lib/features/feature_vendor/presentation/widget/widget_slider_Stores.dart
DA:28,0
DA:30,0
DA:34,0
DA:36,0
DA:37,0
DA:38,0
DA:39,0
DA:40,0
DA:42,0
DA:44,0
DA:49,0
DA:50,0
DA:51,0
DA:52,0
DA:53,0
DA:58,0
DA:60,0
DA:61,0
DA:64,0
DA:65,0
DA:66,0
DA:67,0
DA:68,0
DA:73,0
DA:74,0
DA:75,0
DA:76,0
DA:83,0
DA:84,0
DA:87,0
DA:90,0
DA:91,0
DA:92,0
DA:93,0
DA:94,0
DA:95,0
DA:96,0
DA:100,0
DA:102,0
DA:103,0
DA:104,0
LF:41
LH:0
end_of_record
SF:lib/features/features_home/presentation/widget/loading_slider.dart
DA:11,0
DA:13,0
DA:17,0
DA:19,0
DA:24,0
DA:25,0
DA:26,0
DA:27,0
DA:28,0
DA:29,0
LF:10
LH:0
end_of_record
SF:lib/features/feature_vendor/presentation/store_screen/store_details/aboutStore_screen.dart
DA:21,0
DA:22,0
DA:23,0
DA:26,0
DA:29,0
DA:30,0
DA:31,0
DA:34,0
DA:35,0
DA:36,0
DA:37,0
DA:38,0
DA:39,0
DA:40,0
DA:41,0
DA:42,0
DA:43,0
DA:46,0
DA:47,0
DA:48,0
DA:49,0
DA:50,0
DA:52,0
DA:53,0
DA:54,0
DA:55,0
DA:56,0
DA:58,0
DA:65,0
DA:66,0
DA:67,0
DA:70,0
DA:71,0
DA:72,0
DA:73,0
DA:74,0
DA:76,0
DA:77,0
DA:78,0
DA:79,0
DA:80,0
DA:81,0
DA:88,0
DA:89,0
DA:90,0
DA:93,0
DA:94,0
DA:95,0
DA:96,0
DA:97,0
DA:99,0
DA:100,0
DA:101,0
DA:102,0
DA:103,0
DA:104,0
DA:112,0
DA:113,0
DA:114,0
DA:115,0
DA:116,0
DA:121,0
DA:122,0
DA:123,0
DA:124,0
DA:127,0
DA:129,0
DA:130,0
DA:131,0
LF:69
LH:0
end_of_record
SF:lib/features/feature_vendor/presentation/store_screen/store_details/srores_reviews/storereview_screen.dart
DA:31,0
DA:33,0
DA:34,0
DA:43,0
DA:46,0
DA:47,0
DA:50,0
DA:54,0
DA:55,0
DA:56,0
DA:57,0
DA:58,0
DA:59,0
DA:60,0
DA:61,0
DA:62,0
DA:63,0
DA:65,0
DA:67,0
DA:68,0
DA:70,0
DA:71,0
DA:73,0
DA:74,0
DA:75,0
DA:77,0
DA:78,0
DA:79,0
DA:81,0
DA:82,0
DA:83,0
DA:84,0
DA:87,0
DA:88,0
DA:89,0
DA:90,0
DA:93,0
DA:98,0
DA:99,0
DA:100,0
DA:101,0
DA:104,0
DA:105,0
DA:107,0
DA:110,0
DA:111,0
DA:112,0
DA:113,0
DA:114,0
DA:115,0
DA:117,0
DA:121,0
DA:122,0
DA:123,0
DA:126,0
DA:127,0
DA:128,0
DA:129,0
DA:130,0
DA:134,0
DA:135,0
DA:136,0
DA:137,0
DA:140,0
DA:141,0
DA:142,0
DA:143,0
DA:161,0
DA:162,0
DA:163,0
DA:165,0
LF:71
LH:0
end_of_record
SF:lib/features/features_home/presentation/widget/listLoading_product.dart
DA:9,0
DA:11,0
DA:14,0
DA:15,0
DA:16,0
DA:17,0
DA:21,0
DA:23,0
DA:24,0
DA:25,0
DA:27,0
DA:28,0
DA:29,0
DA:31,0
DA:32,0
DA:33,0
DA:46,0
DA:49,0
DA:50,0
DA:52,0
DA:56,0
DA:57,0
DA:58,0
DA:59,0
DA:60,0
DA:61,0
DA:62,0
DA:64,0
DA:65,0
DA:66,0
DA:68,0
DA:69,0
DA:70,0
DA:72,0
DA:73,0
DA:74,0
DA:76,0
DA:77,0
DA:78,0
DA:80,0
DA:81,0
DA:82,0
DA:84,0
DA:85,0
DA:86,0
DA:88,0
DA:89,0
DA:90,0
DA:92,0
DA:93,0
DA:94,0
LF:51
LH:0
end_of_record
SF:lib/features/features_home/presentation/widget/product_card.dart
DA:25,0
DA:27,0
DA:32,0
DA:33,0
DA:34,0
DA:35,0
DA:38,0
DA:39,0
DA:40,0
DA:41,0
DA:43,0
DA:44,0
DA:45,0
DA:47,0
DA:48,0
DA:52,0
DA:53,0
DA:56,0
DA:57,0
DA:58,0
DA:59,0
DA:61,0
DA:62,0
DA:63,0
DA:67,0
DA:70,0
DA:71,0
DA:72,0
DA:73,0
DA:74,0
DA:75,0
DA:79,0
DA:80,0
DA:82,0
DA:88,0
DA:90,0
DA:91,0
DA:94,0
DA:95,0
DA:96,0
DA:97,0
DA:100,0
DA:105,0
DA:106,0
DA:107,0
DA:108,0
DA:117,0
DA:118,0
DA:119,0
DA:122,0
DA:123,0
DA:125,0
DA:126,0
DA:127,0
DA:128,0
DA:129,0
DA:132,0
DA:136,0
DA:138,0
DA:139,0
DA:140,0
DA:148,0
DA:149,0
DA:150,0
DA:151,0
LF:65
LH:0
end_of_record
SF:lib/features/feature_vendor/presentation/store_screen/store_details/store_products/storeProduct_screen.dart
DA:19,0
DA:21,0
DA:22,0
DA:29,0
DA:31,0
DA:32,0
DA:33,0
DA:34,0
DA:36,0
DA:37,0
DA:38,0
DA:40,0
DA:41,0
DA:42,0
DA:43,0
DA:44,0
DA:48,0
DA:50,0
DA:51,0
DA:54,0
DA:55,0
DA:56,0
DA:57,0
DA:58,0
DA:61,0
DA:62,0
DA:63,0
DA:70,0
DA:77,0
DA:80,0
DA:81,0
DA:83,0
DA:84,0
DA:85,0
DA:86,0
DA:87,0
DA:88,0
DA:89,0
DA:90,0
DA:91,0
LF:40
LH:0
end_of_record
SF:lib/features/features_home/domain/entities/slider_model.dart
DA:6,0
LF:1
LH:0
end_of_record
SF:lib/features/features_home/presentation/widget/widget_slider.dart
DA:18,0
DA:20,0
DA:24,0
DA:25,0
DA:26,0
DA:28,0
DA:31,0
DA:35,0
DA:36,0
DA:38,0
DA:39,0
DA:42,0
DA:43,0
DA:45,0
DA:47,0
DA:52,0
DA:53,0
DA:54,0
DA:55,0
DA:56,0
LF:20
LH:0
end_of_record
SF:lib/features/features_home/presentation/widget/widget_categories_chipe.dart
DA:38,0
DA:39,0
DA:40,0
DA:41,0
DA:42,0
DA:43,0
DA:45,0
DA:47,0
DA:48,0
DA:49,0
DA:50,0
DA:52,0
DA:57,0
DA:58,0
DA:59,0
DA:60,0
DA:61,0
DA:70,0
DA:77,0
DA:79,0
DA:80,0
DA:81,0
DA:82,0
DA:84,0
DA:85,0
DA:86,0
DA:88,0
DA:89,0
DA:92,0
DA:94,0
DA:95,0
DA:96,0
DA:99,0
DA:100,0
DA:101,0
DA:102,0
DA:116,0
DA:117,0
DA:118,0
DA:119,0
DA:125,0
DA:129,0
LF:42
LH:0
end_of_record
SF:lib/features/features_home/presentation/product_details/product_alsoLike.dart
DA:26,0
DA:28,0
DA:32,0
DA:33,0
DA:35,0
DA:36,0
DA:38,0
DA:40,0
DA:41,0
DA:42,0
DA:45,0
DA:46,0
DA:47,0
DA:48,0
DA:49,0
DA:50,0
DA:51,0
DA:52,0
DA:53,0
DA:55,0
DA:56,0
DA:57,0
DA:58,0
DA:59,0
DA:64,0
DA:65,0
DA:66,0
DA:67,0
DA:68,0
DA:71,0
DA:72,0
DA:73,0
DA:81,0
LF:33
LH:0
end_of_record
SF:lib/features/features_home/presentation/product_details/product_image_list.dart
DA:19,0
DA:23,0
DA:25,0
DA:26,0
DA:31,0
DA:33,0
DA:34,0
DA:35,0
DA:36,0
DA:43,0
DA:46,0
DA:50,0
DA:55,0
DA:56,0
DA:57,0
DA:58,0
DA:59,0
DA:61,0
DA:62,0
DA:63,0
DA:64,0
DA:65,0
DA:66,0
DA:67,0
DA:69,0
DA:75,0
DA:78,0
DA:85,0
DA:86,0
DA:87,0
LF:30
LH:0
end_of_record
SF:lib/features/features_home/presentation/review_product/reviewProduct.dart
DA:31,0
DA:34,0
DA:36,0
DA:37,0
DA:38,0
DA:39,0
DA:44,0
DA:45,0
DA:46,0
DA:47,0
DA:50,0
DA:51,0
DA:52,0
DA:55,0
DA:56,0
DA:57,0
DA:58,0
DA:60,0
DA:61,0
DA:63,0
DA:67,0
DA:68,0
DA:69,0
DA:72,0
DA:73,0
DA:74,0
DA:75,0
DA:76,0
DA:80,0
DA:81,0
DA:82,0
DA:83,0
DA:86,0
DA:87,0
DA:88,0
DA:89,0
DA:106,0
DA:109,0
DA:111,0
DA:112,0
DA:113,0
DA:114,0
DA:115,0
DA:116,0
DA:117,0
DA:118,0
DA:119,0
DA:124,0
DA:125,0
DA:128,0
DA:129,0
DA:130,0
DA:132,0
DA:133,0
DA:134,0
DA:135,0
DA:138,0
DA:141,0
LF:58
LH:0
end_of_record
SF:lib/features/features_home/presentation/widget/Store_Widget.dart
DA:22,0
DA:24,0
DA:27,0
DA:28,0
DA:30,0
DA:31,0
DA:32,0
DA:34,0
DA:35,0
DA:39,0
DA:40,0
DA:43,0
DA:44,0
DA:45,0
DA:46,0
DA:47,0
DA:49,0
DA:51,0
DA:58,0
DA:59,0
DA:65,0
DA:74,0
DA:76,0
DA:77,0
DA:80,0
DA:81,0
DA:82,0
DA:83,0
DA:84,0
DA:101,0
DA:102,0
DA:105,0
DA:108,0
DA:110,0
DA:112,0
DA:113,0
DA:114,0
LF:37
LH:0
end_of_record
SF:lib/generated/intl/messages_all.dart
DA:22,0
DA:23,0
DA:26,0
DA:28,0
DA:29,0
DA:36,0
DA:37,0
DA:38,0
DA:39,0
DA:41,0
DA:43,0
DA:44,0
DA:45,0
DA:46,0
DA:47,0
DA:50,0
DA:52,0
DA:58,0
DA:60,0
DA:62,0
LF:20
LH:0
end_of_record
SF:lib/generated/intl/messages_en_US.dart
DA:16,0
DA:21,0
DA:24,0
LF:3
LH:0
end_of_record
